#
# A fatal error has been detected by the Java Runtime Environment:
#
#  EXCEPTION_ACCESS_VIOLATION (0xc0000005) at pc=0x0000010e2a3c0f7b, pid=2232, tid=2128
#
# JRE version: OpenJDK Runtime Environment Temurin-21.0.4+7 (21.0.4+7) (build 21.0.4+7-LTS)
# Java VM: OpenJDK 64-Bit Server VM Temurin-21.0.4+7 (21.0.4+7-LTS, mixed mode, emulated-client, tiered, compressed oops, compressed class ptrs, g1 gc, windows-amd64)
# Problematic frame:
# v  ~BufferBlob::MethodHandles adapters 0x0000010e2a3c0f7b
#
# No core dump will be written. Minidumps are not enabled by default on client versions of Windows
#
# If you would like to submit a bug report, please visit:
#   https://github.com/adoptium/adoptium-support/issues
#

---------------  S U M M A R Y ------------

Command Line: -XX:+ShowCodeDetailsInExceptionMessages -agentlib:jdwp=transport=dt_socket,suspend=y,address=localhost:54177 -Dcom.sun.management.jmxremote -Dcom.sun.management.jmxremote.port=54171 -Dcom.sun.management.jmxremote.authenticate=false -Dcom.sun.management.jmxremote.ssl=false -Djava.rmi.server.hostname=localhost -Dspring.jmx.enabled=true -Dmanagement.endpoints.jmx.exposure.include=* -Dspring.application.admin.enabled=true -XX:TieredStopAtLevel=1 -Dspring.boot.project.name=Distributor -javaagent:C:\Users\Lucas Bonny\Downloads\spring-tool-suite-4-4.26.0.RELEASE-e4.33.0-win32.win32.x86_64\sts-4.26.0.RELEASE\configuration\org.eclipse.osgi\271\0\.cp\lib\javaagent-shaded.jar -Dfile.encoding=UTF-8 -Dstdout.encoding=UTF-8 -Dstderr.encoding=UTF-8 br.com.gunthercloud.project.DemoApplication --spring.output.ansi.enabled=always

Host: Intel(R) Celeron(R) N4020 CPU @ 1.10GHz, 2 cores, 3G,  Windows 10 , 64 bit Build 19041 (10.0.19041.5072)
Time: Thu Nov 21 14:48:41 2024 Hora oficial do Brasil elapsed time: 592.783958 seconds (0d 0h 9m 52s)

---------------  T H R E A D  ---------------

Current thread (0x0000010e3687a7b0):  JavaThread "http-nio-8080-exec-4" daemon [_thread_in_Java, id=2128, stack(0x00000004abd00000,0x00000004abe00000) (1024K)]

Stack: [0x00000004abd00000,0x00000004abe00000],  sp=0x00000004abdfd608,  free space=1013k
Native frames: (J=compiled Java code, j=interpreted, Vv=VM code, C=native code)
C  0x0000010e2a3c0f7b

The last pc belongs to _linkToVirtual (printed below).

siginfo: EXCEPTION_ACCESS_VIOLATION (0xc0000005), reading address 0x000003c60b88b320


Registers:
RAX=0x0000010e2a39958b, RBX=0x00000000c7c39840, RCX=0x00000004abdfd610, RDX=0x0000000000000002
RSP=0x00000004abdfd608, RBP=0x00000004abdfd658, RSI=0x0000010e308768e8, RDI=0x0000010e37fe3eb0
R8 =0x0000000000000004, R9 =0x0000000000000004, R10=0x0000000189f640d0, R11=0x0000007890324e11
R12=0x0000000000000000, R13=0x00000004abdfd608, R14=0x00000004abdfd678, R15=0x0000010e3687a7b0
RIP=0x0000010e2a3c0f7b, EFLAGS=0x0000000000010202


Register to memory mapping:

RAX=0x0000010e2a39958b is at code_begin+4363 in an Interpreter codelet
return entry points  [0x0000010e2a398480, 0x0000010e2a39a298]  7704 bytes
RBX=0x00000000c7c39840 is an oop: br.com.gunthercloud.project.resources.SaleItemResource 
{0x00000000c7c39840} - klass: 'br/com/gunthercloud/project/resources/SaleItemResource'
 - ---- fields (total size 2 words):
 - private 'saleItemService' 'Lbr/com/gunthercloud/project/services/SaleItemService;' @12  a 'br/com/gunthercloud/project/services/SaleItemService'{0x00000000c7c39850} (0xc7c39850)
RCX=0x00000004abdfd610 is pointing into the stack for thread: 0x0000010e3687a7b0
RDX=0x0000000000000002 is an unknown value
RSP=0x00000004abdfd608 is pointing into the stack for thread: 0x0000010e3687a7b0
RBP=0x00000004abdfd658 is pointing into the stack for thread: 0x0000010e3687a7b0
RSI=0x0000010e308768e8 points into unknown readable memory: 0x8000560050c2be39 | 39 be c2 50 00 56 00 80
RDI=0x0000010e37fe3eb0 points into unknown readable memory: 0x0000001800000060 | 60 00 00 00 18 00 00 00
R8 =0x0000000000000004 is an unknown value
R9 =0x0000000000000004 is an unknown value
R10=0x0000000189f640d0 is an unknown value
R11=0x0000007890324e11 is an unknown value
R12=0x0 is null
R13=0x00000004abdfd608 is pointing into the stack for thread: 0x0000010e3687a7b0
R14=0x00000004abdfd678 is pointing into the stack for thread: 0x0000010e3687a7b0
R15=0x0000010e3687a7b0 is a thread

Top of Stack: (sp=0x00000004abdfd608)
0x00000004abdfd608:   0000010e2a39958b 00000004abdfd610
0x00000004abdfd618:   0000010e313ec81a 0000000000000004
0x00000004abdfd628:   0000010e313f0aa8 0000000000000000
0x00000004abdfd638:   00000000c5be7d70 0000010e313ec828
0x00000004abdfd648:   00000004abdfd608 00000004abdfd680
0x00000004abdfd658:   00000004abdfd990 0000010e2aa0f3f0
0x00000004abdfd668:   00000000c8cdc0b0 00000000c7c39840
0x00000004abdfd678:   00000000c8cdc240 0000000000000000
0x00000004abdfd688:   0000000033b51680 00000000c6510460
0x00000004abdfd698:   00000000c8cdc410 00000000c7c39840
0x00000004abdfd6a8:   00000000c8cdc3c0 00000000c8cdc240
0x00000004abdfd6b8:   00000000c7c39840 0000010e2aa0f32c
0x00000004abdfd6c8:   0000010e2a5b3213 00000004abdfd990
0x00000004abdfd6d8:   0000010e2ac7088a 0000000000000000
0x00000004abdfd6e8:   000000003909f5f8 00000000c8cdc008
0x00000004abdfd6f8:   00000000c7ffe370 0000000000000000
0x00000004abdfd708:   0000000033b51650 0000000000000000
0x00000004abdfd718:   0000000000000000 0000000000000000
0x00000004abdfd728:   0000000000000000 00000004abdfd990
0x00000004abdfd738:   0000010e2a6a46b4 0000000000000000
0x00000004abdfd748:   0000000000000000 000000003911fc90
0x00000004abdfd758:   0000000000000c00 0000000000000000
0x00000004abdfd768:   0000000000000000 0000000000000000
0x00000004abdfd778:   0000000000000000 0000000000000000
0x00000004abdfd788:   0000000000000000 00000000c8cdc438
0x00000004abdfd798:   00000000c7ea1c98 00000000c7c39840
0x00000004abdfd7a8:   0000000000000000 0000010e3687a7b0
0x00000004abdfd7b8:   00000000c7efa4a0 00000000c7ffe370
0x00000004abdfd7c8:   00000000c6510460 00000000c6510460
0x00000004abdfd7d8:   0000010e00000001 00000000c8cdc008
0x00000004abdfd7e8:   00000000c8cdc008 0000010e3687a700
0x00000004abdfd7f8:   00000000c8cdc410 00000004abdfd990 

Instructions: (pc=0x0000010e2a3c0f7b)
0x0000010e2a3c0e7b:   00 00 00 00 00 22 00 00 00 00 00 00 00 01 00 00
0x0000010e2a3c0e8b:   00 00 00 00 00 38 26 ec 8e fb 7f 00 00 00 0f 3c
0x0000010e2a3c0e9b:   2a 0e 01 00 00 80 1f 3c 2a 0e 01 00 00 00 0f 3c
0x0000010e2a3c0eab:   2a 0e 01 00 00 80 1f 3c 2a 0e 01 00 00 f0 0e 3c
0x0000010e2a3c0ebb:   2a 0e 01 00 00 f0 0e 3c 2a 0e 01 00 00 00 00 00
0x0000010e2a3c0ecb:   00 00 00 00 00 d8 26 ec 8e fb 7f 00 00 f0 10 00
0x0000010e2a3c0edb:   00 60 00 00 00 ff ff ff ff f0 10 00 00 00 00 00
0x0000010e2a3c0eeb:   00 00 00 00 00 00 00 00 00 00 00 00 00 00 00 00
0x0000010e2a3c0efb:   00 00 00 00 00 f4 66 66 66 0f 1f 84 00 00 00 00
0x0000010e2a3c0f0b:   00 66 66 66 90 66 66 66 0f 1f 84 00 00 00 00 00
0x0000010e2a3c0f1b:   66 66 66 90 90 48 8b 53 08 0f b7 52 2e 48 8b 0c
0x0000010e2a3c0f2b:   d4 8b 59 14 8b 5b 28 8b 5b 24 48 8b 5b 10 48 85
0x0000010e2a3c0f3b:   db 0f 84 10 00 00 00 41 80 bf e0 05 00 00 00 74
0x0000010e2a3c0f4b:   03 ff 63 38 ff 63 50 e9 a9 16 00 00 66 0f 1f 84
0x0000010e2a3c0f5b:   00 00 00 00 00 48 8b 53 08 0f b7 52 2e 48 8b 0c
0x0000010e2a3c0f6b:   d4 58 5b 50 44 8b 51 08 49 c1 e2 03 4c 8b 5b 10
0x0000010e2a3c0f7b:   4b 8b 9c da c8 01 00 00 48 85 db 0f 84 10 00 00
0x0000010e2a3c0f8b:   00 41 80 bf e0 05 00 00 00 74 03 ff 63 38 ff 63
0x0000010e2a3c0f9b:   50 e9 5f 16 00 00 66 66 66 0f 1f 84 00 00 00 00
0x0000010e2a3c0fab:   00 66 66 66 90 66 66 66 0f 1f 84 00 00 00 00 00
0x0000010e2a3c0fbb:   66 66 66 90 90 58 5b 50 8b 5b 24 48 8b 5b 10 48
0x0000010e2a3c0fcb:   85 db 0f 84 10 00 00 00 41 80 bf e0 05 00 00 00
0x0000010e2a3c0fdb:   74 03 ff 63 38 ff 63 50 e9 18 16 00 00 66 66 66
0x0000010e2a3c0feb:   0f 1f 84 00 00 00 00 00 66 66 66 90 66 0f 1f 84
0x0000010e2a3c0ffb:   00 00 00 00 00 48 8b 53 08 0f b7 52 2e 48 8b 0c
0x0000010e2a3c100b:   d4 58 5b 50 48 3b 01 8b 5b 24 48 8b 5b 10 48 85
0x0000010e2a3c101b:   db 0f 84 10 00 00 00 41 80 bf e0 05 00 00 00 74
0x0000010e2a3c102b:   03 ff 63 38 ff 63 50 e9 c9 15 00 00 66 0f 1f 84
0x0000010e2a3c103b:   00 00 00 00 00 48 8b 53 08 0f b7 52 2e 48 8b 0c
0x0000010e2a3c104b:   d4 58 5b 50 44 8b 51 08 49 c1 e2 03 8b 43 18 48
0x0000010e2a3c105b:   8b 40 10 48 8b 5b 10 45 8b 9a a0 00 00 00 4f 8d
0x0000010e2a3c106b:   9c da c8 01 00 00 4d 8d 14 da 49 8b 1b 48 3b c3 


Stack slot to memory mapping:

stack at sp + 0 slots: 0x0000010e2a39958b is at code_begin+4363 in an Interpreter codelet
return entry points  [0x0000010e2a398480, 0x0000010e2a39a298]  7704 bytes
stack at sp + 1 slots: 0x00000004abdfd610 is pointing into the stack for thread: 0x0000010e3687a7b0
stack at sp + 2 slots: 0x0000010e313ec81a is pointing into metadata
stack at sp + 3 slots: 0x0000000000000004 is an unknown value
stack at sp + 4 slots: 0x0000010e313f0aa8 is pointing into metadata
stack at sp + 5 slots: 0x0 is null
stack at sp + 6 slots: 0x00000000c5be7d70 is an oop: java.lang.Class 
{0x00000000c5be7d70} - klass: 'java/lang/Class'
 - ---- fields (total size 14 words):
 - private volatile transient 'classRedefinedCount' 'I' @12  0 (0x00000000)
 - injected 'klass' 'J' @16  4295177168 (0x00000001000333d0)
 - injected 'array_klass' 'J' @24  0 (0x0000000000000000)
 - injected 'oop_size' 'I' @32  14 (0x0000000e)
 - injected 'static_oop_field_count' 'I' @36  0 (0x00000000)
 - private volatile transient 'cachedConstructor' 'Ljava/lang/reflect/Constructor;' @40  null (0x00000000)
 - private transient 'name' 'Ljava/lang/String;' @44  null (0x00000000)
 - private transient 'module' 'Ljava/lang/Module;' @48  a 'java/lang/Module'{0x00000000c5bb4060} (0xc5bb4060)
 - private final 'classLoader' 'Ljava/lang/ClassLoader;' @52  null (0x00000000)
 - private transient 'classData' 'Ljava/lang/Object;' @56  null (0x00000000)
 - private transient 'packageName' 'Ljava/lang/String;' @60  null (0x00000000)
 - private final 'componentType' 'Ljava/lang/Class;' @64  null (0x00000000)
 - private volatile transient 'reflectionData' 'Ljava/lang/ref/SoftReference;' @68  null (0x00000000)
 - private volatile transient 'genericInfo' 'Lsun/reflect/generics/repository/ClassRepository;' @72  null (0x00000000)
 - private volatile transient 'enumConstants' '[Ljava/lang/Object;' @76  null (0x00000000)
 - private volatile transient 'enumConstantDirectory' 'Ljava/util/Map;' @80  null (0x00000000)
 - private volatile transient 'annotationData' 'Ljava/lang/Class$AnnotationData;' @84  null (0x00000000)
 - private volatile transient 'annotationType' 'Lsun/reflect/annotation/AnnotationType;' @88  null (0x00000000)
 - transient 'classValueMap' 'Ljava/lang/ClassValue$ClassValueMap;' @92  null (0x00000000)
 - injected 'protection_domain' 'Ljava/lang/Object;' @96  null (0x00000000)
 - injected 'signers_name' 'Ljava/lang/Object;' @100  null (0x00000000)
 - injected 'source_file' 'Ljava/lang/Object;' @104  null (0x00000000)
 - signature: Ljava/lang/invoke/DirectMethodHandle$Holder;
 - ---- static fields (0):
stack at sp + 7 slots: {method} {0x0000010e313ec830} 'invokeVirtual' '(Ljava/lang/Object;Ljava/lang/Object;)Ljava/lang/Object;' in 'java/lang/invoke/DirectMethodHandle$Holder'

MethodHandle::interpreter_entry::_linkToVirtual [0x0000010e2a3c0f57, 0x0000010e2a3c0fa1] (74 bytes)
[MachCode]
  0x0000010e2a3c0f57: 660f 1f84 | 0000 0000 | 0048 8b53 | 080f b752 | 2e48 8b0c | d458 5b50 | 448b 5108 | 49c1 e203 
  0x0000010e2a3c0f77: 4c8b 5b10 | 4b8b 9cda | c801 0000 | 4885 db0f | 8410 0000 | 0041 80bf | e005 0000 | 0074 03ff 
  0x0000010e2a3c0f97: 6338 ff63 | 50e9 5f16 | 
[/MachCode]

---------------  P R O C E S S  ---------------

Threads class SMR info:
_java_thread_list=0x0000010e37ea2430, length=35, elements={
0x0000010e3053d590, 0x0000010e30662070, 0x0000010e3052fcc0, 0x0000010e30530720,
0x0000010e30531180, 0x0000010e30531be0, 0x0000010e30532640, 0x0000010e3045cc40,
0x0000010e308625d0, 0x0000010e3087c410, 0x0000010e30882ab0, 0x0000010e3535b670,
0x0000010e3556a020, 0x0000010e3556d610, 0x0000010e355b6c20, 0x0000010e3572ca50,
0x0000010e3572d0c0, 0x0000010e3573db60, 0x0000010e3687b4d0, 0x0000010e3687ae40,
0x0000010e3687bb60, 0x0000010e3687c1f0, 0x0000010e3687cf10, 0x0000010e3687a120,
0x0000010e3687d5a0, 0x0000010e3687a7b0, 0x0000010e37e722c0, 0x0000010e37e72fe0,
0x0000010e37e73670, 0x0000010e37e73d00, 0x0000010e37e72950, 0x0000010e37e70f10,
0x0000010e37e71c30, 0x0000010e37e70880, 0x0000010e37e715a0
}

Java Threads: ( => current thread )
  0x0000010e3053d590 JavaThread "Reference Handler"          daemon [_thread_blocked, id=2284, stack(0x00000004aa100000,0x00000004aa200000) (1024K)]
  0x0000010e30662070 JavaThread "Finalizer"                  daemon [_thread_blocked, id=13308, stack(0x00000004aa200000,0x00000004aa300000) (1024K)]
  0x0000010e3052fcc0 JavaThread "Signal Dispatcher"          daemon [_thread_blocked, id=6760, stack(0x00000004aa300000,0x00000004aa400000) (1024K)]
  0x0000010e30530720 JavaThread "Attach Listener"            daemon [_thread_blocked, id=6796, stack(0x00000004aa400000,0x00000004aa500000) (1024K)]
  0x0000010e30531180 JavaThread "Service Thread"             daemon [_thread_blocked, id=9548, stack(0x00000004aa500000,0x00000004aa600000) (1024K)]
  0x0000010e30531be0 JavaThread "Monitor Deflation Thread"   daemon [_thread_blocked, id=9780, stack(0x00000004aa600000,0x00000004aa700000) (1024K)]
  0x0000010e30532640 JavaThread "C1 CompilerThread0"         daemon [_thread_blocked, id=6744, stack(0x00000004aa700000,0x00000004aa800000) (1024K)]
  0x0000010e3045cc40 JavaThread "Common-Cleaner"             daemon [_thread_blocked, id=1564, stack(0x00000004aa800000,0x00000004aa900000) (1024K)]
  0x0000010e308625d0 JavaThread "JDWP Transport Listener: dt_socket" daemon [_thread_blocked, id=4492, stack(0x00000004aa900000,0x00000004aaa00000) (1024K)]
  0x0000010e3087c410 JavaThread "JDWP Event Helper Thread"   daemon [_thread_blocked, id=6992, stack(0x00000004aaa00000,0x00000004aab00000) (1024K)]
  0x0000010e30882ab0 JavaThread "JDWP Command Reader"        daemon [_thread_in_native, id=12684, stack(0x00000004aab00000,0x00000004aac00000) (1024K)]
  0x0000010e3535b670 JavaThread "Notification Thread"        daemon [_thread_blocked, id=6724, stack(0x00000004aae00000,0x00000004aaf00000) (1024K)]
  0x0000010e3556a020 JavaThread "RMI TCP Accept-0"           daemon [_thread_in_native, id=12484, stack(0x00000004aaf00000,0x00000004ab000000) (1024K)]
  0x0000010e3556d610 JavaThread "RMI TCP Accept-54171"       daemon [_thread_in_native, id=4024, stack(0x00000004ab000000,0x00000004ab100000) (1024K)]
  0x0000010e355b6c20 JavaThread "RMI TCP Accept-0"           daemon [_thread_in_native, id=12056, stack(0x00000004ab100000,0x00000004ab200000) (1024K)]
  0x0000010e3572ca50 JavaThread "RMI TCP Connection(idle)"   daemon [_thread_blocked, id=10052, stack(0x00000004ab300000,0x00000004ab400000) (1024K)]
  0x0000010e3572d0c0 JavaThread "RMI Scheduler(0)"           daemon [_thread_blocked, id=12000, stack(0x00000004ab400000,0x00000004ab500000) (1024K)]
  0x0000010e3573db60 JavaThread "JMX server connection timeout 30" daemon [_thread_blocked, id=5972, stack(0x00000004ab500000,0x00000004ab600000) (1024K)]
  0x0000010e3687b4d0 JavaThread "HikariPool-1 housekeeper"   daemon [_thread_blocked, id=6756, stack(0x00000004ab600000,0x00000004ab700000) (1024K)]
  0x0000010e3687ae40 JavaThread "Catalina-utility-1"                [_thread_blocked, id=12364, stack(0x00000004ab800000,0x00000004ab900000) (1024K)]
  0x0000010e3687bb60 JavaThread "Catalina-utility-2"                [_thread_blocked, id=6428, stack(0x00000004ab900000,0x00000004aba00000) (1024K)]
  0x0000010e3687c1f0 JavaThread "container-0"                       [_thread_blocked, id=8780, stack(0x00000004aba00000,0x00000004abb00000) (1024K)]
  0x0000010e3687cf10 JavaThread "http-nio-8080-exec-1"       daemon [_thread_blocked, id=9956, stack(0x00000004ab700000,0x00000004ab800000) (1024K)]
  0x0000010e3687a120 JavaThread "http-nio-8080-exec-2"       daemon [_thread_blocked, id=10452, stack(0x00000004abb00000,0x00000004abc00000) (1024K)]
  0x0000010e3687d5a0 JavaThread "http-nio-8080-exec-3"       daemon [_thread_blocked, id=12672, stack(0x00000004abc00000,0x00000004abd00000) (1024K)]
=>0x0000010e3687a7b0 JavaThread "http-nio-8080-exec-4"       daemon [_thread_in_Java, id=2128, stack(0x00000004abd00000,0x00000004abe00000) (1024K)]
  0x0000010e37e722c0 JavaThread "http-nio-8080-exec-5"       daemon [_thread_blocked, id=6676, stack(0x00000004abe00000,0x00000004abf00000) (1024K)]
  0x0000010e37e72fe0 JavaThread "http-nio-8080-exec-6"       daemon [_thread_blocked, id=688, stack(0x00000004abf00000,0x00000004ac000000) (1024K)]
  0x0000010e37e73670 JavaThread "http-nio-8080-exec-7"       daemon [_thread_blocked, id=8508, stack(0x00000004ac000000,0x00000004ac100000) (1024K)]
  0x0000010e37e73d00 JavaThread "http-nio-8080-exec-8"       daemon [_thread_blocked, id=1964, stack(0x00000004ac100000,0x00000004ac200000) (1024K)]
  0x0000010e37e72950 JavaThread "http-nio-8080-exec-9"       daemon [_thread_blocked, id=5728, stack(0x00000004ac200000,0x00000004ac300000) (1024K)]
  0x0000010e37e70f10 JavaThread "http-nio-8080-exec-10"      daemon [_thread_blocked, id=12320, stack(0x00000004ac300000,0x00000004ac400000) (1024K)]
  0x0000010e37e71c30 JavaThread "http-nio-8080-Poller"       daemon [_thread_in_native, id=5008, stack(0x00000004ac400000,0x00000004ac500000) (1024K)]
  0x0000010e37e70880 JavaThread "http-nio-8080-Acceptor"     daemon [_thread_in_native, id=4672, stack(0x00000004ac500000,0x00000004ac600000) (1024K)]
  0x0000010e37e715a0 JavaThread "DestroyJavaVM"                     [_thread_blocked, id=11060, stack(0x00000004a9900000,0x00000004a9a00000) (1024K)]
Total: 35

Other Threads:
  0x0000010e304ba0d0 VMThread "VM Thread"                           [id=1616, stack(0x00000004aa000000,0x00000004aa100000) (1024K)]
  0x0000010e2692daf0 WatcherThread "VM Periodic Task Thread"        [id=9924, stack(0x00000004a9f00000,0x00000004aa000000) (1024K)]
  0x0000010e268cbe40 WorkerThread "GC Thread#0"                     [id=10656, stack(0x00000004a9a00000,0x00000004a9b00000) (1024K)]
  0x0000010e30a4d2e0 WorkerThread "GC Thread#1"                     [id=11364, stack(0x00000004aad00000,0x00000004aae00000) (1024K)]
  0x0000010e2477dc50 ConcurrentGCThread "G1 Main Marker"            [id=12352, stack(0x00000004a9b00000,0x00000004a9c00000) (1024K)]
  0x0000010e268d1570 WorkerThread "G1 Conc#0"                       [id=5132, stack(0x00000004a9c00000,0x00000004a9d00000) (1024K)]
  0x0000010e2691e1d0 ConcurrentGCThread "G1 Refine#0"               [id=12360, stack(0x00000004a9d00000,0x00000004a9e00000) (1024K)]
  0x0000010e2691f5a0 ConcurrentGCThread "G1 Service"                [id=5752, stack(0x00000004a9e00000,0x00000004a9f00000) (1024K)]
Total: 8

Threads with active compile tasks:
Total: 0

VM state: not at safepoint (normal execution)

VM Mutex/Monitor currently owned by a thread: None

Heap address: 0x00000000c5800000, size: 936 MB, Compressed Oops mode: 32-bit

CDS archive(s) not mapped
Compressed class space mapped at: 0x0000000100000000-0x0000000140000000, reserved size: 1073741824
Narrow klass base: 0x0000000000000000, Narrow klass shift: 3, Narrow klass range: 0x140000000

GC Precious Log:
 CardTable entry size: 512
 Card Set container configuration: InlinePtr #cards 5 size 8 Array Of Cards #cards 12 size 40 Howl #buckets 4 coarsen threshold 1843 Howl Bitmap #cards 512 size 80 coarsen threshold 460 Card regions per heap region 1 cards per card region 2048
 CPUs: 2 total, 2 available
 Memory: 3737M
 Large Page Support: Disabled
 NUMA Support: Disabled
 Compressed Oops: Enabled (32-bit)
 Heap Region Size: 1M
 Heap Min Capacity: 8M
 Heap Initial Capacity: 60M
 Heap Max Capacity: 936M
 Pre-touch: Disabled
 Parallel Workers: 2
 Concurrent Workers: 1
 Concurrent Refinement Workers: 2
 Periodic GC: Disabled

Heap:
 garbage-first heap   total 78848K, used 59392K [0x00000000c5800000, 0x0000000100000000)
  region size 1024K, 34 young (34816K), 6 survivors (6144K)
 Metaspace       used 81381K, committed 82176K, reserved 1179648K
  class space    used 10645K, committed 11008K, reserved 1048576K

Heap Regions: E=young(eden), S=young(survivor), O=old, HS=humongous(starts), HC=humongous(continues), CS=collection set, F=free, TAMS=top-at-mark-start, PB=parsable bottom
|   0|0x00000000c5800000, 0x00000000c5900000, 0x00000000c5900000|100%|HS|  |TAMS 0x00000000c5800000| PB 0x00000000c5800000| Complete 
|   1|0x00000000c5900000, 0x00000000c5a00000, 0x00000000c5a00000|100%| O|  |TAMS 0x00000000c5900000| PB 0x00000000c5900000| Untracked 
|   2|0x00000000c5a00000, 0x00000000c5b00000, 0x00000000c5b00000|100%| O|  |TAMS 0x00000000c5a00000| PB 0x00000000c5a00000| Untracked 
|   3|0x00000000c5b00000, 0x00000000c5c00000, 0x00000000c5c00000|100%| O|  |TAMS 0x00000000c5b00000| PB 0x00000000c5b00000| Untracked 
|   4|0x00000000c5c00000, 0x00000000c5d00000, 0x00000000c5d00000|100%| O|  |TAMS 0x00000000c5c00000| PB 0x00000000c5c00000| Untracked 
|   5|0x00000000c5d00000, 0x00000000c5e00000, 0x00000000c5e00000|100%| O|  |TAMS 0x00000000c5d00000| PB 0x00000000c5d00000| Untracked 
|   6|0x00000000c5e00000, 0x00000000c5f00000, 0x00000000c5f00000|100%| O|  |TAMS 0x00000000c5e00000| PB 0x00000000c5e00000| Untracked 
|   7|0x00000000c5f00000, 0x00000000c6000000, 0x00000000c6000000|100%| O|  |TAMS 0x00000000c5f00000| PB 0x00000000c5f00000| Untracked 
|   8|0x00000000c6000000, 0x00000000c6100000, 0x00000000c6100000|100%| O|  |TAMS 0x00000000c6000000| PB 0x00000000c6000000| Untracked 
|   9|0x00000000c6100000, 0x00000000c6200000, 0x00000000c6200000|100%| O|  |TAMS 0x00000000c6100000| PB 0x00000000c6100000| Untracked 
|  10|0x00000000c6200000, 0x00000000c6300000, 0x00000000c6300000|100%| O|  |TAMS 0x00000000c6200000| PB 0x00000000c6200000| Untracked 
|  11|0x00000000c6300000, 0x00000000c6400000, 0x00000000c6400000|100%| O|  |TAMS 0x00000000c6300000| PB 0x00000000c6300000| Untracked 
|  12|0x00000000c6400000, 0x00000000c6500000, 0x00000000c6500000|100%| O|  |TAMS 0x00000000c6400000| PB 0x00000000c6400000| Untracked 
|  13|0x00000000c6500000, 0x00000000c6600000, 0x00000000c6600000|100%| O|  |TAMS 0x00000000c6500000| PB 0x00000000c6500000| Untracked 
|  14|0x00000000c6600000, 0x00000000c6700000, 0x00000000c6700000|100%| O|  |TAMS 0x00000000c6600000| PB 0x00000000c6600000| Untracked 
|  15|0x00000000c6700000, 0x00000000c6800000, 0x00000000c6800000|100%| O|  |TAMS 0x00000000c6700000| PB 0x00000000c6700000| Untracked 
|  16|0x00000000c6800000, 0x00000000c6900000, 0x00000000c6900000|100%| O|  |TAMS 0x00000000c6800000| PB 0x00000000c6800000| Untracked 
|  17|0x00000000c6900000, 0x00000000c6a00000, 0x00000000c6a00000|100%| O|  |TAMS 0x00000000c6900000| PB 0x00000000c6900000| Untracked 
|  18|0x00000000c6a00000, 0x00000000c6b00000, 0x00000000c6b00000|100%| O|  |TAMS 0x00000000c6a00000| PB 0x00000000c6a00000| Untracked 
|  19|0x00000000c6b00000, 0x00000000c6c00000, 0x00000000c6c00000|100%| O|  |TAMS 0x00000000c6b00000| PB 0x00000000c6b00000| Untracked 
|  20|0x00000000c6c00000, 0x00000000c6d00000, 0x00000000c6d00000|100%| O|  |TAMS 0x00000000c6c00000| PB 0x00000000c6c00000| Untracked 
|  21|0x00000000c6d00000, 0x00000000c6e00000, 0x00000000c6e00000|100%| O|  |TAMS 0x00000000c6d00000| PB 0x00000000c6d00000| Untracked 
|  22|0x00000000c6e00000, 0x00000000c6f00000, 0x00000000c6f00000|100%| O|  |TAMS 0x00000000c6e00000| PB 0x00000000c6e00000| Untracked 
|  23|0x00000000c6f00000, 0x00000000c7000000, 0x00000000c7000000|100%| O|  |TAMS 0x00000000c6f00000| PB 0x00000000c6f00000| Untracked 
|  24|0x00000000c7000000, 0x00000000c7100000, 0x00000000c7100000|100%| O|  |TAMS 0x00000000c7000000| PB 0x00000000c7000000| Untracked 
|  25|0x00000000c7100000, 0x00000000c7100000, 0x00000000c7200000|  0%| F|  |TAMS 0x00000000c7100000| PB 0x00000000c7100000| Untracked 
|  26|0x00000000c7200000, 0x00000000c7300000, 0x00000000c7300000|100%| O|  |TAMS 0x00000000c7200000| PB 0x00000000c7200000| Untracked 
|  27|0x00000000c7300000, 0x00000000c7300000, 0x00000000c7400000|  0%| F|  |TAMS 0x00000000c7300000| PB 0x00000000c7300000| Untracked 
|  28|0x00000000c7400000, 0x00000000c7400000, 0x00000000c7500000|  0%| F|  |TAMS 0x00000000c7400000| PB 0x00000000c7400000| Untracked 
|  29|0x00000000c7500000, 0x00000000c7600000, 0x00000000c7600000|100%| S|CS|TAMS 0x00000000c7500000| PB 0x00000000c7500000| Complete 
|  30|0x00000000c7600000, 0x00000000c7700000, 0x00000000c7700000|100%| S|CS|TAMS 0x00000000c7600000| PB 0x00000000c7600000| Complete 
|  31|0x00000000c7700000, 0x00000000c7700000, 0x00000000c7800000|  0%| F|  |TAMS 0x00000000c7700000| PB 0x00000000c7700000| Untracked 
|  32|0x00000000c7800000, 0x00000000c7800000, 0x00000000c7900000|  0%| F|  |TAMS 0x00000000c7800000| PB 0x00000000c7800000| Untracked 
|  33|0x00000000c7900000, 0x00000000c7900000, 0x00000000c7a00000|  0%| F|  |TAMS 0x00000000c7900000| PB 0x00000000c7900000| Untracked 
|  34|0x00000000c7a00000, 0x00000000c7a00000, 0x00000000c7b00000|  0%| F|  |TAMS 0x00000000c7a00000| PB 0x00000000c7a00000| Untracked 
|  35|0x00000000c7b00000, 0x00000000c7b00000, 0x00000000c7c00000|  0%| F|  |TAMS 0x00000000c7b00000| PB 0x00000000c7b00000| Untracked 
|  36|0x00000000c7c00000, 0x00000000c7d00000, 0x00000000c7d00000|100%| S|CS|TAMS 0x00000000c7c00000| PB 0x00000000c7c00000| Complete 
|  37|0x00000000c7d00000, 0x00000000c7e00000, 0x00000000c7e00000|100%| S|CS|TAMS 0x00000000c7d00000| PB 0x00000000c7d00000| Complete 
|  38|0x00000000c7e00000, 0x00000000c7f00000, 0x00000000c7f00000|100%| S|CS|TAMS 0x00000000c7e00000| PB 0x00000000c7e00000| Complete 
|  39|0x00000000c7f00000, 0x00000000c8000000, 0x00000000c8000000|100%| S|CS|TAMS 0x00000000c7f00000| PB 0x00000000c7f00000| Complete 
|  40|0x00000000c8000000, 0x00000000c8000000, 0x00000000c8100000|  0%| F|  |TAMS 0x00000000c8000000| PB 0x00000000c8000000| Untracked 
|  41|0x00000000c8100000, 0x00000000c8100000, 0x00000000c8200000|  0%| F|  |TAMS 0x00000000c8100000| PB 0x00000000c8100000| Untracked 
|  42|0x00000000c8200000, 0x00000000c8200000, 0x00000000c8300000|  0%| F|  |TAMS 0x00000000c8200000| PB 0x00000000c8200000| Untracked 
|  43|0x00000000c8300000, 0x00000000c8300000, 0x00000000c8400000|  0%| F|  |TAMS 0x00000000c8300000| PB 0x00000000c8300000| Untracked 
|  44|0x00000000c8400000, 0x00000000c8400000, 0x00000000c8500000|  0%| F|  |TAMS 0x00000000c8400000| PB 0x00000000c8400000| Untracked 
|  45|0x00000000c8500000, 0x00000000c8500000, 0x00000000c8600000|  0%| F|  |TAMS 0x00000000c8500000| PB 0x00000000c8500000| Untracked 
|  46|0x00000000c8600000, 0x00000000c8600000, 0x00000000c8700000|  0%| F|  |TAMS 0x00000000c8600000| PB 0x00000000c8600000| Untracked 
|  47|0x00000000c8700000, 0x00000000c8700000, 0x00000000c8800000|  0%| F|  |TAMS 0x00000000c8700000| PB 0x00000000c8700000| Untracked 
|  48|0x00000000c8800000, 0x00000000c8800000, 0x00000000c8900000|  0%| F|  |TAMS 0x00000000c8800000| PB 0x00000000c8800000| Untracked 
|  49|0x00000000c8900000, 0x00000000c897e7b0, 0x00000000c8a00000| 49%| E|  |TAMS 0x00000000c8900000| PB 0x00000000c8900000| Complete 
|  50|0x00000000c8a00000, 0x00000000c8b00000, 0x00000000c8b00000|100%| E|CS|TAMS 0x00000000c8a00000| PB 0x00000000c8a00000| Complete 
|  51|0x00000000c8b00000, 0x00000000c8c00000, 0x00000000c8c00000|100%| E|CS|TAMS 0x00000000c8b00000| PB 0x00000000c8b00000| Complete 
|  52|0x00000000c8c00000, 0x00000000c8d00000, 0x00000000c8d00000|100%| E|CS|TAMS 0x00000000c8c00000| PB 0x00000000c8c00000| Complete 
|  53|0x00000000c8d00000, 0x00000000c8e00000, 0x00000000c8e00000|100%| E|CS|TAMS 0x00000000c8d00000| PB 0x00000000c8d00000| Complete 
|  54|0x00000000c8e00000, 0x00000000c8f00000, 0x00000000c8f00000|100%| E|CS|TAMS 0x00000000c8e00000| PB 0x00000000c8e00000| Complete 
|  55|0x00000000c8f00000, 0x00000000c9000000, 0x00000000c9000000|100%| E|CS|TAMS 0x00000000c8f00000| PB 0x00000000c8f00000| Complete 
|  56|0x00000000c9000000, 0x00000000c9100000, 0x00000000c9100000|100%| E|CS|TAMS 0x00000000c9000000| PB 0x00000000c9000000| Complete 
|  57|0x00000000c9100000, 0x00000000c9200000, 0x00000000c9200000|100%| E|  |TAMS 0x00000000c9100000| PB 0x00000000c9100000| Complete 
|  58|0x00000000c9200000, 0x00000000c9300000, 0x00000000c9300000|100%| E|CS|TAMS 0x00000000c9200000| PB 0x00000000c9200000| Complete 
|  59|0x00000000c9300000, 0x00000000c9400000, 0x00000000c9400000|100%| E|CS|TAMS 0x00000000c9300000| PB 0x00000000c9300000| Complete 
|  60|0x00000000c9400000, 0x00000000c9500000, 0x00000000c9500000|100%| E|CS|TAMS 0x00000000c9400000| PB 0x00000000c9400000| Complete 
|  61|0x00000000c9500000, 0x00000000c9600000, 0x00000000c9600000|100%| E|CS|TAMS 0x00000000c9500000| PB 0x00000000c9500000| Complete 
|  62|0x00000000c9600000, 0x00000000c9700000, 0x00000000c9700000|100%| E|CS|TAMS 0x00000000c9600000| PB 0x00000000c9600000| Complete 
|  63|0x00000000c9700000, 0x00000000c9800000, 0x00000000c9800000|100%| E|CS|TAMS 0x00000000c9700000| PB 0x00000000c9700000| Complete 
|  64|0x00000000c9800000, 0x00000000c9900000, 0x00000000c9900000|100%| E|CS|TAMS 0x00000000c9800000| PB 0x00000000c9800000| Complete 
|  65|0x00000000c9900000, 0x00000000c9a00000, 0x00000000c9a00000|100%| E|CS|TAMS 0x00000000c9900000| PB 0x00000000c9900000| Complete 
|  66|0x00000000c9a00000, 0x00000000c9b00000, 0x00000000c9b00000|100%| E|CS|TAMS 0x00000000c9a00000| PB 0x00000000c9a00000| Complete 
|  67|0x00000000c9b00000, 0x00000000c9c00000, 0x00000000c9c00000|100%| E|CS|TAMS 0x00000000c9b00000| PB 0x00000000c9b00000| Complete 
|  68|0x00000000c9c00000, 0x00000000c9d00000, 0x00000000c9d00000|100%| E|CS|TAMS 0x00000000c9c00000| PB 0x00000000c9c00000| Complete 
|  69|0x00000000c9d00000, 0x00000000c9e00000, 0x00000000c9e00000|100%| E|CS|TAMS 0x00000000c9d00000| PB 0x00000000c9d00000| Complete 
|  70|0x00000000c9e00000, 0x00000000c9f00000, 0x00000000c9f00000|100%| E|CS|TAMS 0x00000000c9e00000| PB 0x00000000c9e00000| Complete 
|  71|0x00000000c9f00000, 0x00000000ca000000, 0x00000000ca000000|100%| E|CS|TAMS 0x00000000c9f00000| PB 0x00000000c9f00000| Complete 
|  72|0x00000000ca000000, 0x00000000ca100000, 0x00000000ca100000|100%| E|CS|TAMS 0x00000000ca000000| PB 0x00000000ca000000| Complete 
|  73|0x00000000ca100000, 0x00000000ca200000, 0x00000000ca200000|100%| E|CS|TAMS 0x00000000ca100000| PB 0x00000000ca100000| Complete 
|  74|0x00000000ca200000, 0x00000000ca300000, 0x00000000ca300000|100%| E|CS|TAMS 0x00000000ca200000| PB 0x00000000ca200000| Complete 
|  75|0x00000000ca300000, 0x00000000ca400000, 0x00000000ca400000|100%| E|CS|TAMS 0x00000000ca300000| PB 0x00000000ca300000| Complete 
|  76|0x00000000ca400000, 0x00000000ca500000, 0x00000000ca500000|100%| E|CS|TAMS 0x00000000ca400000| PB 0x00000000ca400000| Complete 

Card table byte_map: [0x0000010e26450000,0x0000010e26630000] _byte_map_base: 0x0000010e25e24000

Marking Bits: (CMBitMap*) 0x0000010e268cc450
 Bits: [0x0000010e2d390000, 0x0000010e2e230000)

Polling page: 0x0000010e247e0000

Metaspace:

Usage:
  Non-class:     69.08 MB used.
      Class:     10.40 MB used.
       Both:     79.47 MB used.

Virtual space:
  Non-class space:      128.00 MB reserved,      69.50 MB ( 54%) committed,  2 nodes.
      Class space:        1.00 GB reserved,      10.75 MB (  1%) committed,  1 nodes.
             Both:        1.12 GB reserved,      80.25 MB (  7%) committed. 

Chunk freelists:
   Non-Class:  10.38 MB
       Class:  5.29 MB
        Both:  15.67 MB

MaxMetaspaceSize: unlimited
CompressedClassSpaceSize: 1.00 GB
Initial GC threshold: 21.00 MB
Current GC threshold: 97.94 MB
CDS: off
 - commit_granule_bytes: 65536.
 - commit_granule_words: 8192.
 - virtual_space_node_default_size: 8388608.
 - enlarge_chunks_in_place: 1.
 - use_allocation_guard: 0.


Internal statistics:

num_allocs_failed_limit: 9.
num_arena_births: 1096.
num_arena_deaths: 0.
num_vsnodes_births: 3.
num_vsnodes_deaths: 0.
num_space_committed: 1284.
num_space_uncommitted: 0.
num_chunks_returned_to_freelist: 9.
num_chunks_taken_from_freelist: 3645.
num_chunk_merges: 6.
num_chunk_splits: 2655.
num_chunks_enlarged: 2043.
num_inconsistent_stats: 0.

CodeCache: size=49152Kb used=12281Kb max_used=12281Kb free=36871Kb
 bounds [0x0000010e2a390000, 0x0000010e2af90000, 0x0000010e2d390000]
 total_blobs=7339 nmethods=6604 adapters=660
 compilation: enabled
              stopped_count=0, restarted_count=0
 full_count=0

Compilation events (20 events):
Event: 440.193 Thread 0x0000010e30532640 6654       1       java.util.HashMap$Values::toArray (16 bytes)
Event: 440.194 Thread 0x0000010e30532640 nmethod 6654 0x0000010e2af87a90 code [0x0000010e2af87c40, 0x0000010e2af87d78]
Event: 450.404 Thread 0x0000010e30532640 6655   !   1       org.apache.catalina.core.ContainerBase::findChildren (67 bytes)
Event: 450.417 Thread 0x0000010e30532640 nmethod 6655 0x0000010e2af87e90 code [0x0000010e2af880c0, 0x0000010e2af885c0]
Event: 460.908 Thread 0x0000010e30532640 6656       1       java.util.EventObject::getSource (5 bytes)
Event: 460.908 Thread 0x0000010e30532640 nmethod 6656 0x0000010e2af88a10 code [0x0000010e2af88ba0, 0x0000010e2af88c68]
Event: 503.450 Thread 0x0000010e30532640 6657       1       org.apache.catalina.core.StandardPipeline::getFirst (17 bytes)
Event: 503.451 Thread 0x0000010e30532640 nmethod 6657 0x0000010e2af88d10 code [0x0000010e2af88ea0, 0x0000010e2af88fa0]
Event: 523.441 Thread 0x0000010e30532640 6658   !   1       org.apache.catalina.core.ContainerBase::getRealmInternal (38 bytes)
Event: 523.443 Thread 0x0000010e30532640 nmethod 6658 0x0000010e2af89010 code [0x0000010e2af89200, 0x0000010e2af89528]
Event: 523.443 Thread 0x0000010e30532640 6659   !   1       org.apache.catalina.core.ContainerBase::getClusterInternal (38 bytes)
Event: 523.443 Thread 0x0000010e30532640 nmethod 6659 0x0000010e2af89810 code [0x0000010e2af89a00, 0x0000010e2af89d28]
Event: 533.425 Thread 0x0000010e30532640 6660   !   1       org.apache.catalina.core.ContainerBase$ContainerBackgroundProcessor::processChildren (202 bytes)
Event: 533.447 Thread 0x0000010e30532640 nmethod 6660 0x0000010e2af8a010 code [0x0000010e2af8a340, 0x0000010e2af8b328]
Event: 533.447 Thread 0x0000010e30532640 6661  s!   1       org.apache.catalina.core.ContainerBase::backgroundProcess (172 bytes)
Event: 533.450 Thread 0x0000010e30532640 nmethod 6661 0x0000010e2af8be90 code [0x0000010e2af8c120, 0x0000010e2af8cbc0]
Event: 533.450 Thread 0x0000010e30532640 6662       1       org.apache.catalina.mapper.MapperListener::lifecycleEvent (180 bytes)
Event: 533.455 Thread 0x0000010e30532640 nmethod 6662 0x0000010e2af8d210 code [0x0000010e2af8d4a0, 0x0000010e2af8dcd8]
Event: 578.056 Thread 0x0000010e30532640 6663       1       org.apache.coyote.Request::method (5 bytes)
Event: 578.058 Thread 0x0000010e30532640 nmethod 6663 0x0000010e2af8e110 code [0x0000010e2af8e2a0, 0x0000010e2af8e368]

GC Heap History (20 events):
Event: 8.772 GC heap before
{Heap before GC invocations=19 (full 0):
 garbage-first heap   total 54272K, used 46260K [0x00000000c5800000, 0x0000000100000000)
  region size 1024K, 29 young (29696K), 3 survivors (3072K)
 Metaspace       used 46344K, committed 46912K, reserved 1114112K
  class space    used 5575K, committed 5824K, reserved 1048576K
}
Event: 8.780 GC heap after
{Heap after GC invocations=20 (full 0):
 garbage-first heap   total 65536K, used 20363K [0x00000000c5800000, 0x0000000100000000)
  region size 1024K, 2 young (2048K), 2 survivors (2048K)
 Metaspace       used 46344K, committed 46912K, reserved 1114112K
  class space    used 5575K, committed 5824K, reserved 1048576K
}
Event: 9.369 GC heap before
{Heap before GC invocations=20 (full 0):
 garbage-first heap   total 65536K, used 57227K [0x00000000c5800000, 0x0000000100000000)
  region size 1024K, 38 young (38912K), 2 survivors (2048K)
 Metaspace       used 49983K, committed 50624K, reserved 1114112K
  class space    used 6083K, committed 6400K, reserved 1048576K
}
Event: 9.376 GC heap after
{Heap after GC invocations=21 (full 0):
 garbage-first heap   total 65536K, used 21145K [0x00000000c5800000, 0x0000000100000000)
  region size 1024K, 3 young (3072K), 3 survivors (3072K)
 Metaspace       used 49983K, committed 50624K, reserved 1114112K
  class space    used 6083K, committed 6400K, reserved 1048576K
}
Event: 9.991 GC heap before
{Heap before GC invocations=21 (full 0):
 garbage-first heap   total 65536K, used 56985K [0x00000000c5800000, 0x0000000100000000)
  region size 1024K, 38 young (38912K), 3 survivors (3072K)
 Metaspace       used 53225K, committed 53824K, reserved 1114112K
  class space    used 6634K, committed 6912K, reserved 1048576K
}
Event: 9.998 GC heap after
{Heap after GC invocations=22 (full 0):
 garbage-first heap   total 65536K, used 21677K [0x00000000c5800000, 0x0000000100000000)
  region size 1024K, 3 young (3072K), 3 survivors (3072K)
 Metaspace       used 53225K, committed 53824K, reserved 1114112K
  class space    used 6634K, committed 6912K, reserved 1048576K
}
Event: 10.506 GC heap before
{Heap before GC invocations=22 (full 0):
 garbage-first heap   total 65536K, used 56493K [0x00000000c5800000, 0x0000000100000000)
  region size 1024K, 38 young (38912K), 3 survivors (3072K)
 Metaspace       used 56649K, committed 57280K, reserved 1114112K
  class space    used 7123K, committed 7424K, reserved 1048576K
}
Event: 10.515 GC heap after
{Heap after GC invocations=23 (full 0):
 garbage-first heap   total 65536K, used 22401K [0x00000000c5800000, 0x0000000100000000)
  region size 1024K, 3 young (3072K), 3 survivors (3072K)
 Metaspace       used 56649K, committed 57280K, reserved 1114112K
  class space    used 7123K, committed 7424K, reserved 1048576K
}
Event: 10.977 GC heap before
{Heap before GC invocations=23 (full 0):
 garbage-first heap   total 65536K, used 50049K [0x00000000c5800000, 0x0000000100000000)
  region size 1024K, 31 young (31744K), 3 survivors (3072K)
 Metaspace       used 59489K, committed 60096K, reserved 1114112K
  class space    used 7457K, committed 7744K, reserved 1048576K
}
Event: 10.987 GC heap after
{Heap after GC invocations=24 (full 0):
 garbage-first heap   total 78848K, used 22832K [0x00000000c5800000, 0x0000000100000000)
  region size 1024K, 3 young (3072K), 3 survivors (3072K)
 Metaspace       used 59489K, committed 60096K, reserved 1114112K
  class space    used 7457K, committed 7744K, reserved 1048576K
}
Event: 11.837 GC heap before
{Heap before GC invocations=25 (full 0):
 garbage-first heap   total 78848K, used 65840K [0x00000000c5800000, 0x0000000100000000)
  region size 1024K, 46 young (47104K), 3 survivors (3072K)
 Metaspace       used 64424K, committed 65024K, reserved 1114112K
  class space    used 8328K, committed 8576K, reserved 1048576K
}
Event: 11.847 GC heap after
{Heap after GC invocations=26 (full 0):
 garbage-first heap   total 78848K, used 24003K [0x00000000c5800000, 0x0000000100000000)
  region size 1024K, 4 young (4096K), 4 survivors (4096K)
 Metaspace       used 64424K, committed 65024K, reserved 1114112K
  class space    used 8328K, committed 8576K, reserved 1048576K
}
Event: 12.641 GC heap before
{Heap before GC invocations=26 (full 0):
 garbage-first heap   total 78848K, used 65987K [0x00000000c5800000, 0x0000000100000000)
  region size 1024K, 46 young (47104K), 4 survivors (4096K)
 Metaspace       used 68250K, committed 68864K, reserved 1114112K
  class space    used 8931K, committed 9216K, reserved 1048576K
}
Event: 12.653 GC heap after
{Heap after GC invocations=27 (full 0):
 garbage-first heap   total 78848K, used 24636K [0x00000000c5800000, 0x0000000100000000)
  region size 1024K, 4 young (4096K), 4 survivors (4096K)
 Metaspace       used 68250K, committed 68864K, reserved 1114112K
  class space    used 8931K, committed 9216K, reserved 1048576K
}
Event: 13.840 GC heap before
{Heap before GC invocations=27 (full 0):
 garbage-first heap   total 78848K, used 67644K [0x00000000c5800000, 0x0000000100000000)
  region size 1024K, 46 young (47104K), 4 survivors (4096K)
 Metaspace       used 72146K, committed 72832K, reserved 1114112K
  class space    used 9431K, committed 9728K, reserved 1048576K
}
Event: 13.855 GC heap after
{Heap after GC invocations=28 (full 0):
 garbage-first heap   total 78848K, used 26430K [0x00000000c5800000, 0x0000000100000000)
  region size 1024K, 5 young (5120K), 5 survivors (5120K)
 Metaspace       used 72146K, committed 72832K, reserved 1114112K
  class space    used 9431K, committed 9728K, reserved 1048576K
}
Event: 14.694 GC heap before
{Heap before GC invocations=28 (full 0):
 garbage-first heap   total 78848K, used 68414K [0x00000000c5800000, 0x0000000100000000)
  region size 1024K, 46 young (47104K), 5 survivors (5120K)
 Metaspace       used 74681K, committed 75392K, reserved 1179648K
  class space    used 9781K, committed 10048K, reserved 1048576K
}
Event: 14.717 GC heap after
{Heap after GC invocations=29 (full 0):
 garbage-first heap   total 78848K, used 29441K [0x00000000c5800000, 0x0000000100000000)
  region size 1024K, 6 young (6144K), 6 survivors (6144K)
 Metaspace       used 74681K, committed 75392K, reserved 1179648K
  class space    used 9781K, committed 10048K, reserved 1048576K
}
Event: 17.303 GC heap before
{Heap before GC invocations=29 (full 0):
 garbage-first heap   total 78848K, used 66305K [0x00000000c5800000, 0x0000000100000000)
  region size 1024K, 43 young (44032K), 6 survivors (6144K)
 Metaspace       used 78304K, committed 79104K, reserved 1179648K
  class space    used 10292K, committed 10624K, reserved 1048576K
}
Event: 17.325 GC heap after
{Heap after GC invocations=30 (full 0):
 garbage-first heap   total 78848K, used 32768K [0x00000000c5800000, 0x0000000100000000)
  region size 1024K, 6 young (6144K), 6 survivors (6144K)
 Metaspace       used 78304K, committed 79104K, reserved 1179648K
  class space    used 10292K, committed 10624K, reserved 1048576K
}

Dll operation events (12 events):
Event: 0.027 Loaded shared library C:\Users\Lucas Bonny\Downloads\spring-tool-suite-4-4.26.0.RELEASE-e4.33.0-win32.win32.x86_64\sts-4.26.0.RELEASE\plugins\org.eclipse.justj.openjdk.hotspot.jre.full.win32.x86_64_21.0.4.v20240802-1551\jre\bin\java.dll
Event: 0.037 Loaded shared library C:\Users\Lucas Bonny\Downloads\spring-tool-suite-4-4.26.0.RELEASE-e4.33.0-win32.win32.x86_64\sts-4.26.0.RELEASE\plugins\org.eclipse.justj.openjdk.hotspot.jre.full.win32.x86_64_21.0.4.v20240802-1551\jre\bin\zip.dll
Event: 0.916 Loaded shared library C:\Users\Lucas Bonny\Downloads\spring-tool-suite-4-4.26.0.RELEASE-e4.33.0-win32.win32.x86_64\sts-4.26.0.RELEASE\plugins\org.eclipse.justj.openjdk.hotspot.jre.full.win32.x86_64_21.0.4.v20240802-1551\jre\bin\instrument.dll
Event: 0.945 Loaded shared library C:\Users\Lucas Bonny\Downloads\spring-tool-suite-4-4.26.0.RELEASE-e4.33.0-win32.win32.x86_64\sts-4.26.0.RELEASE\plugins\org.eclipse.justj.openjdk.hotspot.jre.full.win32.x86_64_21.0.4.v20240802-1551\jre\bin\net.dll
Event: 0.959 Loaded shared library C:\Users\Lucas Bonny\Downloads\spring-tool-suite-4-4.26.0.RELEASE-e4.33.0-win32.win32.x86_64\sts-4.26.0.RELEASE\plugins\org.eclipse.justj.openjdk.hotspot.jre.full.win32.x86_64_21.0.4.v20240802-1551\jre\bin\nio.dll
Event: 0.979 Loaded shared library C:\Users\Lucas Bonny\Downloads\spring-tool-suite-4-4.26.0.RELEASE-e4.33.0-win32.win32.x86_64\sts-4.26.0.RELEASE\plugins\org.eclipse.justj.openjdk.hotspot.jre.full.win32.x86_64_21.0.4.v20240802-1551\jre\bin\zip.dll
Event: 1.320 Loaded shared library C:\Users\Lucas Bonny\Downloads\spring-tool-suite-4-4.26.0.RELEASE-e4.33.0-win32.win32.x86_64\sts-4.26.0.RELEASE\plugins\org.eclipse.justj.openjdk.hotspot.jre.full.win32.x86_64_21.0.4.v20240802-1551\jre\bin\jimage.dll
Event: 1.467 Loaded shared library C:\Users\Lucas Bonny\Downloads\spring-tool-suite-4-4.26.0.RELEASE-e4.33.0-win32.win32.x86_64\sts-4.26.0.RELEASE\plugins\org.eclipse.justj.openjdk.hotspot.jre.full.win32.x86_64_21.0.4.v20240802-1551\jre\bin\management.dll
Event: 1.501 Loaded shared library C:\Users\Lucas Bonny\Downloads\spring-tool-suite-4-4.26.0.RELEASE-e4.33.0-win32.win32.x86_64\sts-4.26.0.RELEASE\plugins\org.eclipse.justj.openjdk.hotspot.jre.full.win32.x86_64_21.0.4.v20240802-1551\jre\bin\management_ext.dll
Event: 2.161 Loaded shared library C:\Users\Lucas Bonny\Downloads\spring-tool-suite-4-4.26.0.RELEASE-e4.33.0-win32.win32.x86_64\sts-4.26.0.RELEASE\plugins\org.eclipse.justj.openjdk.hotspot.jre.full.win32.x86_64_21.0.4.v20240802-1551\jre\bin\extnet.dll
Event: 2.225 Loaded shared library C:\Users\Lucas Bonny\Downloads\spring-tool-suite-4-4.26.0.RELEASE-e4.33.0-win32.win32.x86_64\sts-4.26.0.RELEASE\plugins\org.eclipse.justj.openjdk.hotspot.jre.full.win32.x86_64_21.0.4.v20240802-1551\jre\bin\verify.dll
Event: 4.811 Loaded shared library C:\Users\Lucas Bonny\Downloads\spring-tool-suite-4-4.26.0.RELEASE-e4.33.0-win32.win32.x86_64\sts-4.26.0.RELEASE\plugins\org.eclipse.justj.openjdk.hotspot.jre.full.win32.x86_64_21.0.4.v20240802-1551\jre\bin\sunmscapi.dll

Deoptimization events (20 events):
Event: 17.798 Thread 0x0000010e3687cf10 DEOPT PACKING pc=0x0000010e2a78e46c sp=0x00000004ab7fc420
Event: 17.798 Thread 0x0000010e3687cf10 DEOPT UNPACKING pc=0x0000010e2a3e4e23 sp=0x00000004ab7fb8f8 mode 1
Event: 17.799 Thread 0x0000010e3687cf10 DEOPT PACKING pc=0x0000010e2a78e774 sp=0x00000004ab7fd0b0
Event: 17.799 Thread 0x0000010e3687cf10 DEOPT UNPACKING pc=0x0000010e2a3e4e23 sp=0x00000004ab7fc578 mode 1
Event: 17.799 Thread 0x0000010e3687cf10 DEOPT PACKING pc=0x0000010e2aa23dac sp=0x00000004ab7fd140
Event: 17.799 Thread 0x0000010e3687cf10 DEOPT UNPACKING pc=0x0000010e2a3e4e23 sp=0x00000004ab7fc760 mode 1
Event: 17.799 Thread 0x0000010e3687cf10 DEOPT PACKING pc=0x0000010e2a7d99d1 sp=0x00000004ab7fb880
Event: 17.800 Thread 0x0000010e3687cf10 DEOPT UNPACKING pc=0x0000010e2a3e4e23 sp=0x00000004ab7facd8 mode 1
Event: 17.800 Thread 0x0000010e3687cf10 DEOPT PACKING pc=0x0000010e2a7c078c sp=0x00000004ab7fb910
Event: 17.800 Thread 0x0000010e3687cf10 DEOPT UNPACKING pc=0x0000010e2a3e4e23 sp=0x00000004ab7fadb8 mode 1
Event: 17.800 Thread 0x0000010e3687cf10 DEOPT PACKING pc=0x0000010e2a78e774 sp=0x00000004ab7fc390
Event: 17.800 Thread 0x0000010e3687cf10 DEOPT UNPACKING pc=0x0000010e2a3e4e23 sp=0x00000004ab7fb858 mode 1
Event: 17.800 Thread 0x0000010e3687cf10 DEOPT PACKING pc=0x0000010e2a78e46c sp=0x00000004ab7fc420
Event: 17.800 Thread 0x0000010e3687cf10 DEOPT UNPACKING pc=0x0000010e2a3e4e23 sp=0x00000004ab7fb8f8 mode 1
Event: 17.800 Thread 0x0000010e3687cf10 DEOPT PACKING pc=0x0000010e2a78e774 sp=0x00000004ab7fd0b0
Event: 17.800 Thread 0x0000010e3687cf10 DEOPT UNPACKING pc=0x0000010e2a3e4e23 sp=0x00000004ab7fc578 mode 1
Event: 17.800 Thread 0x0000010e3687cf10 DEOPT PACKING pc=0x0000010e2aa23dac sp=0x00000004ab7fd140
Event: 17.800 Thread 0x0000010e3687cf10 DEOPT UNPACKING pc=0x0000010e2a3e4e23 sp=0x00000004ab7fc760 mode 1
Event: 592.270 Thread 0x0000010e3687a7b0 DEOPT PACKING pc=0x0000010e2ad5fd24 sp=0x00000004abdfd620
Event: 592.273 Thread 0x0000010e3687a7b0 DEOPT UNPACKING pc=0x0000010e2a3e4e23 sp=0x00000004abdfcac8 mode 0

Classes loaded (20 events):
Event: 17.695 Loading class org/w3c/dom/Document
Event: 17.695 Loading class org/w3c/dom/Document done
Event: 17.727 Loading class java/time/Instant$1
Event: 17.727 Loading class java/time/Instant$1 done
Event: 17.765 Loading class java/util/stream/ReferencePipeline$4
Event: 17.765 Loading class java/util/stream/ReferencePipeline$4 done
Event: 17.765 Loading class java/util/function/IntBinaryOperator
Event: 17.765 Loading class java/util/function/IntBinaryOperator done
Event: 17.766 Loading class java/util/stream/ReduceOps$7
Event: 17.766 Loading class java/util/stream/ReduceOps$7 done
Event: 17.766 Loading class java/util/stream/ReduceOps$6ReducingSink
Event: 17.766 Loading class java/util/stream/ReduceOps$6ReducingSink done
Event: 17.766 Loading class java/util/stream/ReferencePipeline$4$1
Event: 17.766 Loading class java/util/stream/ReferencePipeline$4$1 done
Event: 17.822 Loading class java/io/PrintWriter$1
Event: 17.823 Loading class jdk/internal/access/JavaIOPrintWriterAccess
Event: 17.823 Loading class jdk/internal/access/JavaIOPrintWriterAccess done
Event: 17.823 Loading class java/io/PrintWriter$1 done
Event: 226.888 Loading class jdk/internal/reflect/MethodHandleDoubleFieldAccessorImpl
Event: 226.889 Loading class jdk/internal/reflect/MethodHandleDoubleFieldAccessorImpl done

Classes unloaded (0 events):
No events

Classes redefined (5 events):
Event: 502.669 Thread 0x0000010e304ba0d0 redefined class name=br.com.gunthercloud.project.resources.SaleItemResource, count=1
Event: 502.670 Thread 0x0000010e304ba0d0 redefined class name=br.com.gunthercloud.project.services.SaleItemService, count=1
Event: 531.672 Thread 0x0000010e304ba0d0 redefined class name=br.com.gunthercloud.project.resources.SaleItemResource, count=2
Event: 531.672 Thread 0x0000010e304ba0d0 redefined class name=br.com.gunthercloud.project.services.SaleItemService, count=2
Event: 592.560 Thread 0x0000010e304ba0d0 redefined class name=br.com.gunthercloud.project.resources.SaleItemResource, count=3

Internal exceptions (20 events):
Event: 13.387 Thread 0x0000010e26895ca0 Exception <a 'java/lang/IncompatibleClassChangeError'{0x00000000c9105cc0}: Found class java.lang.Object, but interface was expected> (0x00000000c9105cc0) 
thrown [s\src\hotspot\share\interpreter\linkResolver.cpp, line 840]
Event: 13.443 Thread 0x0000010e26895ca0 Exception <a 'java/lang/IncompatibleClassChangeError'{0x00000000c8ead6e8}: Found class java.lang.Object, but interface was expected> (0x00000000c8ead6e8) 
thrown [s\src\hotspot\share\interpreter\linkResolver.cpp, line 840]
Event: 13.739 Thread 0x0000010e26895ca0 Exception <a 'java/lang/IncompatibleClassChangeError'{0x00000000c7eaffc8}: Found class java.lang.Object, but interface was expected> (0x00000000c7eaffc8) 
thrown [s\src\hotspot\share\interpreter\linkResolver.cpp, line 840]
Event: 14.047 Thread 0x0000010e26895ca0 Exception <a 'java/lang/NoSuchMethodError'{0x00000000c9de01b0}: 'java.lang.Object java.lang.invoke.DirectMethodHandle$Holder.newInvokeSpecial(java.lang.Object, java.lang.Object, java.lang.Object, java.lang.Object, java.lang.Object, java.lang.Object, java.lang.Object, java.lang.Object)'> (0x00000000c9de01b0) 
thrown [s\src\hotspot\share\interpreter\linkResolver.cpp, line 773]
Event: 14.408 Thread 0x0000010e26895ca0 Exception <a 'java/lang/IncompatibleClassChangeError'{0x00000000c8a160e8}: Found class java.lang.Object, but interface was expected> (0x00000000c8a160e8) 
thrown [s\src\hotspot\share\interpreter\linkResolver.cpp, line 840]
Event: 14.478 Thread 0x0000010e26895ca0 Exception <a 'java/lang/NoSuchMethodError'{0x00000000c8745488}: 'void java.lang.invoke.DirectMethodHandle$Holder.invokeVirtual(java.lang.Object, java.lang.Object, long)'> (0x00000000c8745488) 
thrown [s\src\hotspot\share\interpreter\linkResolver.cpp, line 773]
Event: 14.592 Thread 0x0000010e26895ca0 Exception <a 'java/lang/NoSuchMethodError'{0x00000000c7f5cc90}: 'int java.lang.invoke.DirectMethodHandle$Holder.invokeStaticInit(java.lang.Object, java.lang.Object, java.lang.Object, java.lang.Object)'> (0x00000000c7f5cc90) 
thrown [s\src\hotspot\share\interpreter\linkResolver.cpp, line 773]
Event: 14.676 Thread 0x0000010e26895ca0 Exception <a 'java/lang/IncompatibleClassChangeError'{0x00000000c7c203b0}: Found class java.lang.Object, but interface was expected> (0x00000000c7c203b0) 
thrown [s\src\hotspot\share\interpreter\linkResolver.cpp, line 840]
Event: 14.955 Thread 0x0000010e26895ca0 Exception <a 'java/lang/NoSuchMethodError'{0x00000000c9f2e628}: 'java.lang.Object java.lang.invoke.DirectMethodHandle$Holder.newInvokeSpecial(java.lang.Object, java.lang.Object, int, java.lang.Object, java.lang.Object)'> (0x00000000c9f2e628) 
thrown [s\src\hotspot\share\interpreter\linkResolver.cpp, line 773]
Event: 15.445 Thread 0x0000010e3572ca50 Exception <a 'java/lang/NoSuchMethodError'{0x00000000c9ccdd58}: 'java.lang.Object java.lang.invoke.DirectMethodHandle$Holder.invokeInterface(java.lang.Object, java.lang.Object, java.lang.Object, java.lang.Object, java.lang.Object, java.lang.Object, java.lang.Object)'> (0x00000000c9ccdd58) 
thrown [s\src\hotspot\share\interpreter\linkResolver.cpp, line 773]
Event: 16.949 Thread 0x0000010e3687cf10 Exception <a 'java/lang/NoSuchMethodError'{0x00000000c97fcf78}: 'java.lang.Object java.lang.invoke.DirectMethodHandle$Holder.invokeSpecial(java.lang.Object, java.lang.Object, java.lang.Object, java.lang.Object, java.lang.Object, long)'> (0x00000000c97fcf78) 
thrown [s\src\hotspot\share\interpreter\linkResolver.cpp, line 773]
Event: 16.950 Thread 0x0000010e3687cf10 Exception <a 'java/lang/NoSuchMethodError'{0x00000000c9600800}: 'java.lang.Object java.lang.invoke.Invokers$Holder.linkToTargetMethod(java.lang.Object, java.lang.Object, java.lang.Object, long, java.lang.Object)'> (0x00000000c9600800) 
thrown [s\src\hotspot\share\interpreter\linkResolver.cpp, line 773]
Event: 17.280 Thread 0x0000010e3687cf10 Exception <a 'java/lang/NoSuchMethodError'{0x00000000c8331d80}: 'java.lang.Object java.lang.invoke.DirectMethodHandle$Holder.invokeInterface(java.lang.Object, java.lang.Object, java.lang.Object, java.lang.Object)'> (0x00000000c8331d80) 
thrown [s\src\hotspot\share\interpreter\linkResolver.cpp, line 773]
Event: 17.296 Thread 0x0000010e3687cf10 Exception <a 'java/lang/IncompatibleClassChangeError'{0x00000000c8268a40}: Found class java.lang.Object, but interface was expected> (0x00000000c8268a40) 
thrown [s\src\hotspot\share\interpreter\linkResolver.cpp, line 840]
Event: 17.495 Thread 0x0000010e3687cf10 Exception <a 'java/lang/NoSuchMethodError'{0x00000000c9acb0d8}: 'void java.lang.invoke.DirectMethodHandle$Holder.invokeSpecialIFC(java.lang.Object, java.lang.Object, int, java.lang.Object, java.lang.Object, java.lang.Object, java.lang.Object)'> (0x00000000c9acb0d8) 
thrown [s\src\hotspot\share\interpreter\linkResolver.cpp, line 773]
Event: 17.564 Thread 0x0000010e3687cf10 Exception <a 'java/lang/IncompatibleClassChangeError'{0x00000000c97c6620}: Found class java.lang.Object, but interface was expected> (0x00000000c97c6620) 
thrown [s\src\hotspot\share\interpreter\linkResolver.cpp, line 840]
Event: 226.890 Thread 0x0000010e3687a120 Exception <a 'java/lang/NoSuchMethodError'{0x00000000c8b5cc90}: 'double java.lang.invoke.DelegatingMethodHandle$Holder.reinvoke_L(java.lang.Object, java.lang.Object)'> (0x00000000c8b5cc90) 
thrown [s\src\hotspot\share\interpreter\linkResolver.cpp, line 773]
Event: 226.891 Thread 0x0000010e3687a120 Exception <a 'java/lang/NoSuchMethodError'{0x00000000c8b67598}: 'void java.lang.invoke.DelegatingMethodHandle$Holder.reinvoke_L(java.lang.Object, java.lang.Object, double)'> (0x00000000c8b67598) 
thrown [s\src\hotspot\share\interpreter\linkResolver.cpp, line 773]
Event: 226.893 Thread 0x0000010e3687a120 Exception <a 'java/lang/NoSuchMethodError'{0x00000000c8b73248}: 'void java.lang.invoke.Invokers$Holder.invokeExact_MT(java.lang.Object, java.lang.Object, int, java.lang.Object)'> (0x00000000c8b73248) 
thrown [s\src\hotspot\share\interpreter\linkResolver.cpp, line 773]
Event: 226.936 Thread 0x0000010e3687a120 Exception <a 'java/lang/NoSuchMethodError'{0x00000000c8bda6b8}: 'double java.lang.invoke.DirectMethodHandle$Holder.invokeVirtual(java.lang.Object, java.lang.Object)'> (0x00000000c8bda6b8) 
thrown [s\src\hotspot\share\interpreter\linkResolver.cpp, line 773]

ZGC Phase Switch (0 events):
No events

VM Operations (20 events):
Event: 583.742 Executing VM operation: get/set locals
Event: 583.742 Executing VM operation: get/set locals done
Event: 583.747 Executing VM operation: get/set locals
Event: 583.747 Executing VM operation: get/set locals done
Event: 583.751 Executing VM operation: get/set locals
Event: 583.751 Executing VM operation: get/set locals done
Event: 583.759 Executing VM operation: get/set locals
Event: 583.760 Executing VM operation: get/set locals done
Event: 583.767 Executing VM operation: get/set locals
Event: 583.767 Executing VM operation: get/set locals done
Event: 583.773 Executing VM operation: get/set locals
Event: 583.774 Executing VM operation: get/set locals done
Event: 592.269 Executing VM operation: ChangeSingleStep
Event: 592.269 Executing VM operation: ChangeSingleStep done
Event: 592.273 Executing VM operation: ChangeSingleStep
Event: 592.274 Executing VM operation: ChangeSingleStep done
Event: 592.550 Executing VM operation: RedefineClasses
Event: 592.600 Executing VM operation: RedefineClasses done
Event: 592.605 Executing VM operation: ChangeSingleStep
Event: 592.605 Executing VM operation: ChangeSingleStep done

Memory protections (0 events):
No events

Nmethod flushes (20 events):
Event: 11.048 Thread 0x0000010e304ba0d0 flushing  nmethod 0x0000010e2a8ca910
Event: 11.048 Thread 0x0000010e304ba0d0 flushing  nmethod 0x0000010e2a913a10
Event: 11.048 Thread 0x0000010e304ba0d0 flushing  nmethod 0x0000010e2a91d890
Event: 11.048 Thread 0x0000010e304ba0d0 flushing  nmethod 0x0000010e2a9e1590
Event: 11.048 Thread 0x0000010e304ba0d0 flushing  nmethod 0x0000010e2aa81b10
Event: 11.048 Thread 0x0000010e304ba0d0 flushing  nmethod 0x0000010e2aabe910
Event: 11.048 Thread 0x0000010e304ba0d0 flushing  nmethod 0x0000010e2aacc290
Event: 11.048 Thread 0x0000010e304ba0d0 flushing  nmethod 0x0000010e2aacc790
Event: 11.048 Thread 0x0000010e304ba0d0 flushing  nmethod 0x0000010e2ab1ac10
Event: 11.048 Thread 0x0000010e304ba0d0 flushing  nmethod 0x0000010e2a6a6490
Event: 11.048 Thread 0x0000010e304ba0d0 flushing  nmethod 0x0000010e2a6a6790
Event: 11.048 Thread 0x0000010e304ba0d0 flushing  nmethod 0x0000010e2a763510
Event: 11.048 Thread 0x0000010e304ba0d0 flushing  nmethod 0x0000010e2a76ab10
Event: 11.048 Thread 0x0000010e304ba0d0 flushing  nmethod 0x0000010e2a8bdd90
Event: 11.048 Thread 0x0000010e304ba0d0 flushing  nmethod 0x0000010e2a8e5990
Event: 11.048 Thread 0x0000010e304ba0d0 flushing  nmethod 0x0000010e2a9eb690
Event: 11.048 Thread 0x0000010e304ba0d0 flushing  nmethod 0x0000010e2a9f6510
Event: 11.048 Thread 0x0000010e304ba0d0 flushing  nmethod 0x0000010e2aa4c710
Event: 11.048 Thread 0x0000010e304ba0d0 flushing  nmethod 0x0000010e2aaa1f10
Event: 11.048 Thread 0x0000010e304ba0d0 flushing  nmethod 0x0000010e2aae2190

Events (20 events):
Event: 14.971 Thread 0x0000010e26895ca0 Thread added: 0x0000010e37e722c0
Event: 14.971 Thread 0x0000010e26895ca0 Thread added: 0x0000010e37e72fe0
Event: 14.971 Thread 0x0000010e26895ca0 Thread added: 0x0000010e37e73670
Event: 14.971 Thread 0x0000010e26895ca0 Thread added: 0x0000010e37e73d00
Event: 14.971 Thread 0x0000010e26895ca0 Thread added: 0x0000010e37e72950
Event: 14.972 Thread 0x0000010e26895ca0 Thread added: 0x0000010e37e70f10
Event: 14.999 Thread 0x0000010e26895ca0 Thread added: 0x0000010e37e71c30
Event: 15.002 Thread 0x0000010e26895ca0 Thread added: 0x0000010e37e70880
Event: 15.040 Thread 0x0000010e26895ca0 Thread exited: 0x0000010e26895ca0
Event: 15.040 Thread 0x0000010e37e715a0 Thread added: 0x0000010e37e715a0
Event: 15.435 Thread 0x0000010e3572ca50 Thread added: 0x0000010e374dd110
Event: 15.456 Thread 0x0000010e3572ca50 Thread added: 0x0000010e374db6d0
Event: 15.473 Thread 0x0000010e3572ca50 Thread added: 0x0000010e374dc3f0
Event: 15.490 Thread 0x0000010e3572ca50 Thread added: 0x0000010e374da320
Event: 15.512 Thread 0x0000010e374db6d0 Thread exited: 0x0000010e374db6d0
Event: 15.519 Thread 0x0000010e374dc3f0 Thread exited: 0x0000010e374dc3f0
Event: 16.495 Thread 0x0000010e374dd110 Thread exited: 0x0000010e374dd110
Event: 16.543 Thread 0x0000010e374da320 Thread exited: 0x0000010e374da320
Event: 16.930 Thread 0x0000010e308f7260 Thread exited: 0x0000010e308f7260
Event: 92.488 Thread 0x0000010e355ac4e0 Thread exited: 0x0000010e355ac4e0


Dynamic libraries:
0x00007ff6479f0000 - 0x00007ff6479fe000 	C:\Users\Lucas Bonny\Downloads\spring-tool-suite-4-4.26.0.RELEASE-e4.33.0-win32.win32.x86_64\sts-4.26.0.RELEASE\plugins\org.eclipse.justj.openjdk.hotspot.jre.full.win32.x86_64_21.0.4.v20240802-1551\jre\bin\javaw.exe
0x00007ffbd1a30000 - 0x00007ffbd1c28000 	C:\Windows\SYSTEM32\ntdll.dll
0x00007ffbd01a0000 - 0x00007ffbd0262000 	C:\Windows\System32\KERNEL32.DLL
0x00007ffbcf2c0000 - 0x00007ffbcf5be000 	C:\Windows\System32\KERNELBASE.dll
0x00007ffbcf6a0000 - 0x00007ffbcf7a0000 	C:\Windows\System32\ucrtbase.dll
0x00007ffbc6420000 - 0x00007ffbc6438000 	C:\Users\Lucas Bonny\Downloads\spring-tool-suite-4-4.26.0.RELEASE-e4.33.0-win32.win32.x86_64\sts-4.26.0.RELEASE\plugins\org.eclipse.justj.openjdk.hotspot.jre.full.win32.x86_64_21.0.4.v20240802-1551\jre\bin\jli.dll
0x00007ffbcfed0000 - 0x00007ffbd006d000 	C:\Windows\System32\USER32.dll
0x00007ffbcf7a0000 - 0x00007ffbcf7c2000 	C:\Windows\System32\win32u.dll
0x00007ffbcfc30000 - 0x00007ffbcfc5b000 	C:\Windows\System32\GDI32.dll
0x00007ffbcf930000 - 0x00007ffbcfa47000 	C:\Windows\System32\gdi32full.dll
0x00007ffbcf140000 - 0x00007ffbcf1dd000 	C:\Windows\System32\msvcp_win.dll
0x00007ffbc6400000 - 0x00007ffbc641b000 	C:\Users\Lucas Bonny\Downloads\spring-tool-suite-4-4.26.0.RELEASE-e4.33.0-win32.win32.x86_64\sts-4.26.0.RELEASE\plugins\org.eclipse.justj.openjdk.hotspot.jre.full.win32.x86_64_21.0.4.v20240802-1551\jre\bin\VCRUNTIME140.dll
0x00007ffbac7d0000 - 0x00007ffbaca6a000 	C:\Windows\WinSxS\amd64_microsoft.windows.common-controls_6595b64144ccf1df_6.0.19041.4355_none_60b8b9eb71f62e16\COMCTL32.dll
0x00007ffbd0d50000 - 0x00007ffbd0dee000 	C:\Windows\System32\msvcrt.dll
0x00007ffbcfa50000 - 0x00007ffbcfa7f000 	C:\Windows\System32\IMM32.DLL
0x00007ffbc63e0000 - 0x00007ffbc63ec000 	C:\Users\Lucas Bonny\Downloads\spring-tool-suite-4-4.26.0.RELEASE-e4.33.0-win32.win32.x86_64\sts-4.26.0.RELEASE\plugins\org.eclipse.justj.openjdk.hotspot.jre.full.win32.x86_64_21.0.4.v20240802-1551\jre\bin\vcruntime140_1.dll
0x00007ffbbaba0000 - 0x00007ffbbac2e000 	C:\Users\Lucas Bonny\Downloads\spring-tool-suite-4-4.26.0.RELEASE-e4.33.0-win32.win32.x86_64\sts-4.26.0.RELEASE\plugins\org.eclipse.justj.openjdk.hotspot.jre.full.win32.x86_64_21.0.4.v20240802-1551\jre\bin\msvcp140.dll
0x00007ffb8e4c0000 - 0x00007ffb8f248000 	C:\Users\Lucas Bonny\Downloads\spring-tool-suite-4-4.26.0.RELEASE-e4.33.0-win32.win32.x86_64\sts-4.26.0.RELEASE\plugins\org.eclipse.justj.openjdk.hotspot.jre.full.win32.x86_64_21.0.4.v20240802-1551\jre\bin\server\jvm.dll
0x00007ffbd1920000 - 0x00007ffbd19d1000 	C:\Windows\System32\ADVAPI32.dll
0x00007ffbd0f70000 - 0x00007ffbd100f000 	C:\Windows\System32\sechost.dll
0x00007ffbd0070000 - 0x00007ffbd0193000 	C:\Windows\System32\RPCRT4.dll
0x00007ffbcf290000 - 0x00007ffbcf2b7000 	C:\Windows\System32\bcrypt.dll
0x00007ffbcfd30000 - 0x00007ffbcfd9b000 	C:\Windows\System32\WS2_32.dll
0x00007ffbcee80000 - 0x00007ffbceecb000 	C:\Windows\SYSTEM32\POWRPROF.dll
0x00007ffbb57e0000 - 0x00007ffbb5807000 	C:\Windows\SYSTEM32\WINMM.dll
0x00007ffbbf4c0000 - 0x00007ffbbf4ca000 	C:\Windows\SYSTEM32\VERSION.dll
0x00007ffbcee60000 - 0x00007ffbcee72000 	C:\Windows\SYSTEM32\UMPDC.dll
0x00007ffbcda40000 - 0x00007ffbcda52000 	C:\Windows\SYSTEM32\kernel.appcore.dll
0x00007ffbc83b0000 - 0x00007ffbc83ba000 	C:\Users\Lucas Bonny\Downloads\spring-tool-suite-4-4.26.0.RELEASE-e4.33.0-win32.win32.x86_64\sts-4.26.0.RELEASE\plugins\org.eclipse.justj.openjdk.hotspot.jre.full.win32.x86_64_21.0.4.v20240802-1551\jre\bin\jimage.dll
0x00007ffbcd610000 - 0x00007ffbcd7f4000 	C:\Windows\SYSTEM32\DBGHELP.DLL
0x00007ffbbf850000 - 0x00007ffbbf884000 	C:\Windows\SYSTEM32\dbgcore.DLL
0x00007ffbcf610000 - 0x00007ffbcf692000 	C:\Windows\System32\bcryptPrimitives.dll
0x00007ffbbe870000 - 0x00007ffbbe8ac000 	C:\Users\Lucas Bonny\Downloads\spring-tool-suite-4-4.26.0.RELEASE-e4.33.0-win32.win32.x86_64\sts-4.26.0.RELEASE\plugins\org.eclipse.justj.openjdk.hotspot.jre.full.win32.x86_64_21.0.4.v20240802-1551\jre\bin\jdwp.dll
0x00007ffbcb470000 - 0x00007ffbcb47f000 	C:\Users\Lucas Bonny\Downloads\spring-tool-suite-4-4.26.0.RELEASE-e4.33.0-win32.win32.x86_64\sts-4.26.0.RELEASE\plugins\org.eclipse.justj.openjdk.hotspot.jre.full.win32.x86_64_21.0.4.v20240802-1551\jre\bin\instrument.dll
0x00007ffbc8390000 - 0x00007ffbc83af000 	C:\Users\Lucas Bonny\Downloads\spring-tool-suite-4-4.26.0.RELEASE-e4.33.0-win32.win32.x86_64\sts-4.26.0.RELEASE\plugins\org.eclipse.justj.openjdk.hotspot.jre.full.win32.x86_64_21.0.4.v20240802-1551\jre\bin\java.dll
0x00007ffbc65c0000 - 0x00007ffbc65d8000 	C:\Users\Lucas Bonny\Downloads\spring-tool-suite-4-4.26.0.RELEASE-e4.33.0-win32.win32.x86_64\sts-4.26.0.RELEASE\plugins\org.eclipse.justj.openjdk.hotspot.jre.full.win32.x86_64_21.0.4.v20240802-1551\jre\bin\zip.dll
0x00007ffbd0280000 - 0x00007ffbd09ed000 	C:\Windows\System32\SHELL32.dll
0x00007ffbccd90000 - 0x00007ffbcd534000 	C:\Windows\SYSTEM32\windows.storage.dll
0x00007ffbd09f0000 - 0x00007ffbd0d43000 	C:\Windows\System32\combase.dll
0x00007ffbcea90000 - 0x00007ffbceabe000 	C:\Windows\SYSTEM32\Wldp.dll
0x00007ffbd16f0000 - 0x00007ffbd17bd000 	C:\Windows\System32\OLEAUT32.dll
0x00007ffbd1870000 - 0x00007ffbd191d000 	C:\Windows\System32\SHCORE.dll
0x00007ffbcfc60000 - 0x00007ffbcfcb5000 	C:\Windows\System32\shlwapi.dll
0x00007ffbcf000000 - 0x00007ffbcf024000 	C:\Windows\SYSTEM32\profapi.dll
0x00007ffbcb460000 - 0x00007ffbcb46b000 	C:\Users\Lucas Bonny\Downloads\spring-tool-suite-4-4.26.0.RELEASE-e4.33.0-win32.win32.x86_64\sts-4.26.0.RELEASE\plugins\org.eclipse.justj.openjdk.hotspot.jre.full.win32.x86_64_21.0.4.v20240802-1551\jre\bin\dt_socket.dll
0x00007ffbce470000 - 0x00007ffbce4ab000 	C:\Windows\SYSTEM32\IPHLPAPI.DLL
0x00007ffbce790000 - 0x00007ffbce7fa000 	C:\Windows\system32\mswsock.dll
0x00007ffbce4b0000 - 0x00007ffbce57a000 	C:\Windows\SYSTEM32\DNSAPI.dll
0x00007ffbd19e0000 - 0x00007ffbd19e8000 	C:\Windows\System32\NSI.dll
0x00007ffbba0f0000 - 0x00007ffbba0fa000 	C:\Windows\System32\rasadhlp.dll
0x00007ffbba110000 - 0x00007ffbba190000 	C:\Windows\System32\fwpuclnt.dll
0x00007ffbc7890000 - 0x00007ffbc78a0000 	C:\Users\Lucas Bonny\Downloads\spring-tool-suite-4-4.26.0.RELEASE-e4.33.0-win32.win32.x86_64\sts-4.26.0.RELEASE\plugins\org.eclipse.justj.openjdk.hotspot.jre.full.win32.x86_64_21.0.4.v20240802-1551\jre\bin\net.dll
0x00007ffbbdf00000 - 0x00007ffbbe00d000 	C:\Windows\SYSTEM32\WINHTTP.dll
0x00007ffbc65a0000 - 0x00007ffbc65b6000 	C:\Users\Lucas Bonny\Downloads\spring-tool-suite-4-4.26.0.RELEASE-e4.33.0-win32.win32.x86_64\sts-4.26.0.RELEASE\plugins\org.eclipse.justj.openjdk.hotspot.jre.full.win32.x86_64_21.0.4.v20240802-1551\jre\bin\nio.dll
0x00007ffbc63d0000 - 0x00007ffbc63da000 	C:\Users\Lucas Bonny\Downloads\spring-tool-suite-4-4.26.0.RELEASE-e4.33.0-win32.win32.x86_64\sts-4.26.0.RELEASE\plugins\org.eclipse.justj.openjdk.hotspot.jre.full.win32.x86_64_21.0.4.v20240802-1551\jre\bin\management.dll
0x00007ffbc63c0000 - 0x00007ffbc63cb000 	C:\Users\Lucas Bonny\Downloads\spring-tool-suite-4-4.26.0.RELEASE-e4.33.0-win32.win32.x86_64\sts-4.26.0.RELEASE\plugins\org.eclipse.justj.openjdk.hotspot.jre.full.win32.x86_64_21.0.4.v20240802-1551\jre\bin\management_ext.dll
0x00007ffbcfd20000 - 0x00007ffbcfd28000 	C:\Windows\System32\PSAPI.DLL
0x00007ffbb6730000 - 0x00007ffbb6747000 	C:\Windows\system32\napinsp.dll
0x00007ffbb3460000 - 0x00007ffbb347b000 	C:\Windows\system32\pnrpnsp.dll
0x00007ffbc8ed0000 - 0x00007ffbc8ee5000 	C:\Windows\system32\wshbth.dll
0x00007ffbc3630000 - 0x00007ffbc364d000 	C:\Windows\system32\NLAapi.dll
0x00007ffbaa270000 - 0x00007ffbaa282000 	C:\Windows\System32\winrnr.dll
0x00007ffbce980000 - 0x00007ffbce998000 	C:\Windows\SYSTEM32\CRYPTSP.dll
0x00007ffbce0b0000 - 0x00007ffbce0e4000 	C:\Windows\system32\rsaenh.dll
0x00007ffbcefc0000 - 0x00007ffbcefee000 	C:\Windows\SYSTEM32\USERENV.dll
0x00007ffbce9a0000 - 0x00007ffbce9ac000 	C:\Windows\SYSTEM32\CRYPTBASE.dll
0x00007ffbc63f0000 - 0x00007ffbc63f9000 	C:\Users\Lucas Bonny\Downloads\spring-tool-suite-4-4.26.0.RELEASE-e4.33.0-win32.win32.x86_64\sts-4.26.0.RELEASE\plugins\org.eclipse.justj.openjdk.hotspot.jre.full.win32.x86_64_21.0.4.v20240802-1551\jre\bin\extnet.dll
0x00007ffbc75e0000 - 0x00007ffbc75f0000 	C:\Users\Lucas Bonny\Downloads\spring-tool-suite-4-4.26.0.RELEASE-e4.33.0-win32.win32.x86_64\sts-4.26.0.RELEASE\plugins\org.eclipse.justj.openjdk.hotspot.jre.full.win32.x86_64_21.0.4.v20240802-1551\jre\bin\verify.dll
0x00007ffbc6440000 - 0x00007ffbc644e000 	C:\Users\Lucas Bonny\Downloads\spring-tool-suite-4-4.26.0.RELEASE-e4.33.0-win32.win32.x86_64\sts-4.26.0.RELEASE\plugins\org.eclipse.justj.openjdk.hotspot.jre.full.win32.x86_64_21.0.4.v20240802-1551\jre\bin\sunmscapi.dll
0x00007ffbcf7d0000 - 0x00007ffbcf92c000 	C:\Windows\System32\CRYPT32.dll
0x00007ffbceb00000 - 0x00007ffbceb27000 	C:\Windows\SYSTEM32\ncrypt.dll
0x00007ffbceac0000 - 0x00007ffbceafb000 	C:\Windows\SYSTEM32\NTASN1.dll
0x00007ffbc63b0000 - 0x00007ffbc63b7000 	C:\Windows\system32\wshunix.dll

dbghelp: loaded successfully - version: 4.0.5 - missing functions: none
symbol engine: initialized successfully - sym options: 0x614 - pdb path: .;C:\Users\Lucas Bonny\Downloads\spring-tool-suite-4-4.26.0.RELEASE-e4.33.0-win32.win32.x86_64\sts-4.26.0.RELEASE\plugins\org.eclipse.justj.openjdk.hotspot.jre.full.win32.x86_64_21.0.4.v20240802-1551\jre\bin;C:\Windows\SYSTEM32;C:\Windows\WinSxS\amd64_microsoft.windows.common-controls_6595b64144ccf1df_6.0.19041.4355_none_60b8b9eb71f62e16;C:\Users\Lucas Bonny\Downloads\spring-tool-suite-4-4.26.0.RELEASE-e4.33.0-win32.win32.x86_64\sts-4.26.0.RELEASE\plugins\org.eclipse.justj.openjdk.hotspot.jre.full.win32.x86_64_21.0.4.v20240802-1551\jre\bin\server

VM Arguments:
jvm_args: -XX:+ShowCodeDetailsInExceptionMessages -agentlib:jdwp=transport=dt_socket,suspend=y,address=localhost:54177 -Dcom.sun.management.jmxremote -Dcom.sun.management.jmxremote.port=54171 -Dcom.sun.management.jmxremote.authenticate=false -Dcom.sun.management.jmxremote.ssl=false -Djava.rmi.server.hostname=localhost -Dspring.jmx.enabled=true -Dmanagement.endpoints.jmx.exposure.include=* -Dspring.application.admin.enabled=true -XX:TieredStopAtLevel=1 -Dspring.boot.project.name=Distributor -javaagent:C:\Users\Lucas Bonny\Downloads\spring-tool-suite-4-4.26.0.RELEASE-e4.33.0-win32.win32.x86_64\sts-4.26.0.RELEASE\configuration\org.eclipse.osgi\271\0\.cp\lib\javaagent-shaded.jar -Dfile.encoding=UTF-8 -Dstdout.encoding=UTF-8 -Dstderr.encoding=UTF-8 
java_command: br.com.gunthercloud.project.DemoApplication --spring.output.ansi.enabled=always
java_class_path (initial): C:\Users\Lucas Bonny\Documents\ProjetosSpring\Distributor\target\classes;C:\Users\Lucas Bonny\.m2\repository\org\springframework\boot\spring-boot-starter-data-jpa\3.3.5\spring-boot-starter-data-jpa-3.3.5.jar;C:\Users\Lucas Bonny\.m2\repository\org\springframework\boot\spring-boot-starter-aop\3.3.5\spring-boot-starter-aop-3.3.5.jar;C:\Users\Lucas Bonny\.m2\repository\org\springframework\spring-aop\6.1.14\spring-aop-6.1.14.jar;C:\Users\Lucas Bonny\.m2\repository\org\aspectj\aspectjweaver\1.9.22.1\aspectjweaver-1.9.22.1.jar;C:\Users\Lucas Bonny\.m2\repository\org\springframework\boot\spring-boot-starter-jdbc\3.3.5\spring-boot-starter-jdbc-3.3.5.jar;C:\Users\Lucas Bonny\.m2\repository\com\zaxxer\HikariCP\5.1.0\HikariCP-5.1.0.jar;C:\Users\Lucas Bonny\.m2\repository\org\springframework\spring-jdbc\6.1.14\spring-jdbc-6.1.14.jar;C:\Users\Lucas Bonny\.m2\repository\org\hibernate\orm\hibernate-core\6.5.3.Final\hibernate-core-6.5.3.Final.jar;C:\Users\Lucas Bonny\.m2\repository\jakarta\persistence\jakarta.persistence-api\3.1.0\jakarta.persistence-api-3.1.0.jar;C:\Users\Lucas Bonny\.m2\repository\jakarta\transaction\jakarta.transaction-api\2.0.1\jakarta.transaction-api-2.0.1.jar;C:\Users\Lucas Bonny\.m2\repository\org\jboss\logging\jboss-logging\3.5.3.Final\jboss-logging-3.5.3.Final.jar;C:\Users\Lucas Bonny\.m2\repository\org\hibernate\common\hibernate-commons-annotations\6.0.6.Final\hibernate-commons-annotations-6.0.6.Final.jar;C:\Users\Lucas Bonny\.m2\repository\io\smallrye\jandex\3.1.2\jandex-3.1.2.jar;C:\Users\Lucas Bonny\.m2\repository\com\fasterxml\classmate\1.7.0\classmate-1.7.0.jar;C:\Users\Lucas Bonny\.m2\repository\net\bytebuddy\byte-buddy\1.14.19\byte-buddy-1.14.19.jar;C:\Users\Lucas Bonny\.m2\repository\org\glassfish\jaxb\jaxb-runtime\4.0.5\jaxb-runtime-4.0.5.jar;C:\Users\Lucas Bonny\.m2\repository\org\glassfish\jaxb\jaxb-core\4.0.5\jaxb-core-4.0.5.jar;C:\Users\Lucas Bonny\.m2\repository\org\eclipse\angus\angus-activation\2.0.2\angus-activation-2.0.2.jar;C:\Users\Lucas Bonny\.m2\repository\org\glassfish\jaxb\txw2\4.0.5\txw2-4.0.5.jar;C:\Users\Lucas Bonny\.m2\repository\com\sun\istack\istack-commons-runtime\4.1.2\istack-commons-runtime-4.1.2.jar;C:\Users\Lucas Bonny\.m2\repository\jakarta\inject\jakarta.inject-api\2.0.1\jakarta.inject-api-2.0.1.jar;C:\Users\Lucas Bonny\.m2\repository\org\antlr\antlr4-runtime\4.13.0\antlr4-runtime-4.13.0.jar;C:\Users\Lucas Bonny\.m2\repository\org\springframework\data\spring-data-jpa\3.3.5\spring-data-jpa-3.3.5.jar;C:\Users\Lucas Bonny\.m2\repository\org\springframework\data\spring-data-commons\3.3.5\spring-data-commons-3.3.5.jar;C:\Users\Lucas Bonny\.m2\repository\org\springframework\spring-orm\6.1.14\spring-orm-6.1.14.jar;C:\Users\Lucas Bonny\.m2\repository\org\springframework\spring-context\6.1.14\spring-context-6.1.14.jar;C:\Users\Lucas Bonny\.m2\repository\org\springframework\spring-tx\6.1.14\spring-tx-6.1.14.jar;C:\Users\Lucas Bonny\.m2\repository\org\springframework\spring-beans\6.1.14\spring-beans-6.1.14.jar;C:\Users\Lucas Bonny\.m2\repository\jakarta\annotation\jakarta.annotation-api\2.1.1\jakarta.annotation-api-2.1.1.jar;C:\Users\Lucas Bonny\.m2\repository\org\slf4j\slf4j-api\2.0.16\slf4j-api-2.0.16.jar;C:\Users\Lucas Bonny\.m2\repository\org\springframework\spring-aspects\6.1.14\spring-aspects-6.1.14.jar;C:\Users\Lucas Bonny\.m2\repository\org\springframework\boot\spring-boot-starter-web\3.3.5\spring-boot-starter-web-3.3.5.jar;C:\Users\Lucas Bonny\.m2\repository\org\springframework\boot\spring-boot-starter\3.3.5\spring-boot-starter-3.3.5.jar;C:\Users\Lucas Bonny\.m2\repository\org\springframework\boot\spring-boot\3.3.5\spring-boot-3.3.5.jar;C:\Users\Lucas Bonny\.m2\repository\org\springframework\boot\spring-boot-autoconfigure\3.3.5\spring-boot-autoconfigure-3.3.5.jar;C:\Users\Lucas Bonny\.m2\repository\org\springframework\boot\spring-boot-starter-logging\3.3.5\spring-boot-starter-logging-3.3.5.jar;C:\Users\Lucas Bonny\.m2\repository\ch\qos\logback\logback-classic\1.5.11\logback-classic-1.5.11.jar;C:\Users\Lucas Bonny\.m2\repository\ch\qos\logback\logback-core\1.5.11\logback-core-1.5.11.jar;C:\Users\Lucas Bonny\.m2\repository\org\apache\logging\log4j\log4j-to-slf4j\2.23.1\log4j-to-slf4j-2.23.1.jar;C:\Users\Lucas Bonny\.m2\repository\org\apache\logging\log4j\log4j-api\2.23.1\log4j-api-2.23.1.jar;C:\Users\Lucas Bonny\.m2\repository\org\slf4j\jul-to-slf4j\2.0.16\jul-to-slf4j-2.0.16.jar;C:\Users\Lucas Bonny\.m2\repository\org\yaml\snakeyaml\2.2\snakeyaml-2.2.jar;C:\Users\Lucas Bonny\.m2\repository\org\springframework\boot\spring-boot-starter-json\3.3.5\spring-boot-starter-json-3.3.5.jar;C:\Users\Lucas Bonny\.m2\repository\com\fasterxml\jackson\core\jackson-databind\2.17.2\jackson-databind-2.17.2.jar;C:\Users\Lucas Bonny\.m2\repository\com\fasterxml\jackson\core\jackson-annotations\2.17.2\jackson-annotations-2.17.2.jar;C:\Users\Lucas Bonny\.m2\repository\com\fasterxml\jackson\core\jackson-core\2.17.2\jackson-core-2.17.2.jar;C:\Users\Lucas Bonny\.m2\repository\com\fasterxml\jackson\datatype\jackson-datatype-jdk8\2.17.2\jackson-datatype-jdk8-2.17.2.jar;C:\Users\Lucas Bonny\.m2\repository\com\fasterxml\jackson\datatype\jackson-datatype-jsr310\2.17.2\jackson-datatype-jsr310-2.17.2.jar;C:\Users\Lucas Bonny\.m2\repository\com\fasterxml\jackson\module\jackson-module-parameter-names\2.17.2\jackson-module-parameter-names-2.17.2.jar;C:\Users\Lucas Bonny\.m2\repository\org\springframework\boot\spring-boot-starter-tomcat\3.3.5\spring-boot-starter-tomcat-3.3.5.jar;C:\Users\Lucas Bonny\.m2\repository\org\apache\tomcat\embed\tomcat-embed-core\10.1.31\tomcat-embed-core-10.1.31.jar;C:\Users\Lucas Bonny\.m2\repository\org\apache\tomcat\embed\tomcat-embed-el\10.1.31\tomcat-embed-el-10.1.31.jar;C:\Users\Lucas Bonny\.m2\repository\org\apache\tomcat\embed\tomcat-embed-websocket\10.1.31\tomcat-embed-websocket-10.1.31.jar;C:\Users\Lucas Bonny\.m2\repository\org\springframework\spring-web\6.1.14\spring-web-6.1.14.jar;C:\Users\Lucas Bonny\.m2\repository\io\micrometer\micrometer-observation\1.13.6\micrometer-observation-1.13.6.jar;C:\Users\Lucas Bonny\.m2\repository\io\micrometer\micrometer-commons\1.13.6\micrometer-commons-1.13.6.jar;C:\Users\Lucas Bonny\.m2\repository\org\springframework\spring-webmvc\6.1.14\spring-webmvc-6.1.14.jar;C:\Users\Lucas Bonny\.m2\repository\org\springframework\spring-expression\6.1.14\spring-expression-6.1.14.jar;C:\Users\Lucas Bonny\.m2\repository\org\postgresql\postgresql\42.7.4\postgresql-42.7.4.jar;C:\Users\Lucas Bonny\.m2\repository\org\checkerframework\checker-qual\3.42.0\checker-qual-3.42.0.jar;C:\Users\Lucas Bonny\.m2\repository\com\h2database\h2\2.2.224\h2-2.2.224.jar;C:\Users\Lucas Bonny\.m2\repository\jakarta\xml\bind\jakarta.xml.bind-api\4.0.2\jakarta.xml.bind-api-4.0.2.jar;C:\Users\Lucas Bonny\.m2\repository\jakarta\activation\jakarta.activation-api\2.1.3\jakarta.activation-api-2.1.3.jar;C:\Users\Lucas Bonny\.m2\repository\org\springframework\spring-core\6.1.14\spring-core-6.1.14.jar;C:\Users\Lucas Bonny\.m2\repository\org\springframework\spring-jcl\6.1.14\spring-jcl-6.1.14.jar
Launcher Type: SUN_STANDARD

[Global flags]
     intx CICompilerCount                          = 2                                         {product} {ergonomic}
     uint ConcGCThreads                            = 1                                         {product} {ergonomic}
     uint G1ConcRefinementThreads                  = 2                                         {product} {ergonomic}
   size_t G1HeapRegionSize                         = 1048576                                   {product} {ergonomic}
    uintx GCDrainStackTargetSize                   = 64                                        {product} {ergonomic}
   size_t InitialHeapSize                          = 62914560                                  {product} {ergonomic}
     bool ManagementServer                         = true                                      {product} {command line}
   size_t MarkStackSize                            = 4194304                                   {product} {ergonomic}
   size_t MaxHeapSize                              = 981467136                                 {product} {ergonomic}
   size_t MaxNewSize                               = 588251136                                 {product} {ergonomic}
   size_t MinHeapDeltaBytes                        = 1048576                                   {product} {ergonomic}
   size_t MinHeapSize                              = 8388608                                   {product} {ergonomic}
    uintx NonNMethodCodeHeapSize                   = 4096                                   {pd product} {ergonomic}
    uintx NonProfiledCodeHeapSize                  = 0                                      {pd product} {ergonomic}
     bool ProfileInterpreter                       = false                                  {pd product} {command line}
    uintx ProfiledCodeHeapSize                     = 0                                      {pd product} {ergonomic}
     bool ShowCodeDetailsInExceptionMessages       = true                                   {manageable} {command line}
   size_t SoftMaxHeapSize                          = 981467136                              {manageable} {ergonomic}
     intx TieredStopAtLevel                        = 1                                         {product} {command line}
     bool UseCompressedOops                        = true                           {product lp64_product} {ergonomic}
     bool UseG1GC                                  = true                                      {product} {ergonomic}
     bool UseLargePagesIndividualAllocation        = false                                  {pd product} {ergonomic}

Logging:
Log output configuration:
 #0: stdout all=warning uptime,level,tags foldmultilines=false
 #1: stderr all=off uptime,level,tags foldmultilines=false

Environment Variables:
PATH=C:\Users\Lucas Bonny\Downloads\spring-tool-suite-4-4.26.0.RELEASE-e4.33.0-win32.win32.x86_64\sts-4.26.0.RELEASE\plugins\org.eclipse.justj.openjdk.hotspot.jre.full.win32.x86_64_21.0.4.v20240802-1551\jre\bin;C:/Users/Lucas Bonny/Downloads/spring-tool-suite-4-4.26.0.RELEASE-e4.33.0-win32.win32.x86_64/sts-4.26.0.RELEASE//plugins/org.eclipse.justj.openjdk.hotspot.jre.full.win32.x86_64_21.0.4.v20240802-1551/jre/bin/server;C:/Users/Lucas Bonny/Downloads/spring-tool-suite-4-4.26.0.RELEASE-e4.33.0-win32.win32.x86_64/sts-4.26.0.RELEASE//plugins/org.eclipse.justj.openjdk.hotspot.jre.full.win32.x86_64_21.0.4.v20240802-1551/jre/bin;C:\Program Files (x86)\Common Files\Oracle\Java\java8path;C:\Program Files (x86)\Common Files\Oracle\Java\javapath;C:\Windows\system32;C:\Windows;C:\Windows\System32\Wbem;C:\Windows\System32\WindowsPowerShell\v1.0\;C:\Windows\System32\OpenSSH\;C:\Program Files\Cloudflare\Cloudflare WARP\;C:\Program Files\Git\cmd;C:\Program Files\nodejs\;C:\Users\Lucas Bonny\AppData\Local\Microsoft\WindowsApps;C:\Users\Lucas Bonny\AppData\Local\Programs\Microsoft VS Code\bin;C:\Users\Lucas Bonny\AppData\Local\Microsoft\WinGet\Packages\Schniz.fnm_Microsoft.Winget.Source_8wekyb3d8bbwe;C:\Users\Lucas Bonny\AppData\Roaming\npm;C:\Users\Lucas Bonny\Downloads\spring-tool-suite-4-4.26.0.RELEASE-e4.33.0-win32.win32.x86_64\sts-4.26.0.RELEASE;
USERNAME=Lucas Bonny
OS=Windows_NT
PROCESSOR_IDENTIFIER=Intel64 Family 6 Model 122 Stepping 8, GenuineIntel
TMP=C:\Users\LUCASB~1\AppData\Local\Temp
TEMP=C:\Users\LUCASB~1\AppData\Local\Temp




Periodic native trim disabled

---------------  S Y S T E M  ---------------

OS:
 Windows 10 , 64 bit Build 19041 (10.0.19041.5072)
OS uptime: 2 days 1:49 hours

CPU: total 2 (initial active 2) (2 cores per cpu, 1 threads per core) family 6 model 122 stepping 8 microcode 0x20, cx8, cmov, fxsr, mmx, 3dnowpref, sse, sse2, sse3, ssse3, sse4.1, sse4.2, popcnt, tsc, tscinvbit, aes, erms, clmul, sha, clflush, clflushopt, rdtscp, rdpid
Processor Information for all 2 processors :
  Max Mhz: 1101, Current Mhz: 1101, Mhz Limit: 1101

Memory: 4k page, system-wide physical 3737M (291M free)
TotalPageFile size 10649M (AvailPageFile size 4419M)
current process WorkingSet (physical memory assigned to process): 157M, peak: 251M
current process commit charge ("private bytes"): 268M, peak: 269M

vm_info: OpenJDK 64-Bit Server VM (21.0.4+7-LTS) for windows-amd64 JRE (21.0.4+7-LTS), built on 2024-07-16T00:00:00Z by "admin" with MS VC++ 17.7 (VS2022)

END.
